{
  service: 'user-service',
  level: 'error',
  message: 'Failed to connect database The `uri` parameter to `openUri()` must be a string, got "undefined". Make sure the first parameter to `mongoose.connect()` or `mongoose.createConnection()` is a string.',
  stack: 'MongooseError: The `uri` parameter to `openUri()` must be a string, got "undefined". Make sure the first parameter to `mongoose.connect()` or `mongoose.createConnection()` is a string.\n' +
    '    at _createMongoClient (C:\\Users\\HP\\Desktop\\PosBackend\\node_modules\\mongoose\\lib\\connection.js:805:11)\n' +
    '    at NativeConnection.openUri (C:\\Users\\HP\\Desktop\\PosBackend\\node_modules\\mongoose\\lib\\connection.js:742:29)\n' +
    '    at Mongoose.connect (C:\\Users\\HP\\Desktop\\PosBackend\\node_modules\\mongoose\\lib\\index.js:406:15)\n' +
    '    at C:\\Users\\HP\\Desktop\\PosBackend\\src\\server.ts:14:20\n' +
    '    at Generator.next (<anonymous>)\n' +
    '    at C:\\Users\\HP\\Desktop\\PosBackend\\src\\server.ts:8:71\n' +
    '    at new Promise (<anonymous>)\n' +
    '    at __awaiter (C:\\Users\\HP\\Desktop\\PosBackend\\src\\server.ts:4:12)\n' +
    '    at boostrap (C:\\Users\\HP\\Desktop\\PosBackend\\src\\server.ts:25:12)\n' +
    '    at Object.<anonymous> (C:\\Users\\HP\\Desktop\\PosBackend\\src\\server.ts:38:1)',
  label: 'Ph',
  timestamp: '2023-07-23T15:03:31.242Z'
}
{
  service: 'user-service',
  level: 'error',
  message: 'Failed to connect database The `uri` parameter to `openUri()` must be a string, got "undefined". Make sure the first parameter to `mongoose.connect()` or `mongoose.createConnection()` is a string.',
  stack: 'MongooseError: The `uri` parameter to `openUri()` must be a string, got "undefined". Make sure the first parameter to `mongoose.connect()` or `mongoose.createConnection()` is a string.\n' +
    '    at _createMongoClient (C:\\Users\\HP\\Desktop\\PosBackend\\node_modules\\mongoose\\lib\\connection.js:805:11)\n' +
    '    at NativeConnection.openUri (C:\\Users\\HP\\Desktop\\PosBackend\\node_modules\\mongoose\\lib\\connection.js:742:29)\n' +
    '    at Mongoose.connect (C:\\Users\\HP\\Desktop\\PosBackend\\node_modules\\mongoose\\lib\\index.js:406:15)\n' +
    '    at C:\\Users\\HP\\Desktop\\PosBackend\\src\\server.ts:14:20\n' +
    '    at Generator.next (<anonymous>)\n' +
    '    at C:\\Users\\HP\\Desktop\\PosBackend\\src\\server.ts:8:71\n' +
    '    at new Promise (<anonymous>)\n' +
    '    at __awaiter (C:\\Users\\HP\\Desktop\\PosBackend\\src\\server.ts:4:12)\n' +
    '    at boostrap (C:\\Users\\HP\\Desktop\\PosBackend\\src\\server.ts:25:12)\n' +
    '    at Object.<anonymous> (C:\\Users\\HP\\Desktop\\PosBackend\\src\\server.ts:38:1)',
  label: 'Ph',
  timestamp: '2023-07-23T15:06:16.801Z'
}
{
  service: 'user-service',
  level: 'error',
  message: 'Failed to connect database The `uri` parameter to `openUri()` must be a string, got "undefined". Make sure the first parameter to `mongoose.connect()` or `mongoose.createConnection()` is a string.',
  stack: 'MongooseError: The `uri` parameter to `openUri()` must be a string, got "undefined". Make sure the first parameter to `mongoose.connect()` or `mongoose.createConnection()` is a string.\n' +
    '    at _createMongoClient (C:\\Users\\HP\\Desktop\\PosBackend\\node_modules\\mongoose\\lib\\connection.js:805:11)\n' +
    '    at NativeConnection.openUri (C:\\Users\\HP\\Desktop\\PosBackend\\node_modules\\mongoose\\lib\\connection.js:742:29)\n' +
    '    at Mongoose.connect (C:\\Users\\HP\\Desktop\\PosBackend\\node_modules\\mongoose\\lib\\index.js:406:15)\n' +
    '    at C:\\Users\\HP\\Desktop\\PosBackend\\src\\server.ts:14:20\n' +
    '    at Generator.next (<anonymous>)\n' +
    '    at C:\\Users\\HP\\Desktop\\PosBackend\\src\\server.ts:8:71\n' +
    '    at new Promise (<anonymous>)\n' +
    '    at __awaiter (C:\\Users\\HP\\Desktop\\PosBackend\\src\\server.ts:4:12)\n' +
    '    at boostrap (C:\\Users\\HP\\Desktop\\PosBackend\\src\\server.ts:25:12)\n' +
    '    at Object.<anonymous> (C:\\Users\\HP\\Desktop\\PosBackend\\src\\server.ts:38:1)',
  label: 'Ph',
  timestamp: '2023-07-23T15:06:20.494Z'
}
{
  service: 'user-service',
  level: 'error',
  message: 'Failed to connect database The `uri` parameter to `openUri()` must be a string, got "undefined". Make sure the first parameter to `mongoose.connect()` or `mongoose.createConnection()` is a string.',
  stack: 'MongooseError: The `uri` parameter to `openUri()` must be a string, got "undefined". Make sure the first parameter to `mongoose.connect()` or `mongoose.createConnection()` is a string.\n' +
    '    at _createMongoClient (C:\\Users\\HP\\Desktop\\PosBackend\\node_modules\\mongoose\\lib\\connection.js:805:11)\n' +
    '    at NativeConnection.openUri (C:\\Users\\HP\\Desktop\\PosBackend\\node_modules\\mongoose\\lib\\connection.js:742:29)\n' +
    '    at Mongoose.connect (C:\\Users\\HP\\Desktop\\PosBackend\\node_modules\\mongoose\\lib\\index.js:406:15)\n' +
    '    at C:\\Users\\HP\\Desktop\\PosBackend\\src\\server.ts:14:20\n' +
    '    at Generator.next (<anonymous>)\n' +
    '    at C:\\Users\\HP\\Desktop\\PosBackend\\src\\server.ts:8:71\n' +
    '    at new Promise (<anonymous>)\n' +
    '    at __awaiter (C:\\Users\\HP\\Desktop\\PosBackend\\src\\server.ts:4:12)\n' +
    '    at boostrap (C:\\Users\\HP\\Desktop\\PosBackend\\src\\server.ts:25:12)\n' +
    '    at Object.<anonymous> (C:\\Users\\HP\\Desktop\\PosBackend\\src\\server.ts:38:1)',
  label: 'Ph',
  timestamp: '2023-07-23T15:06:24.667Z'
}
{
  service: 'user-service',
  level: 'error',
  message: 'Failed to connect database The `uri` parameter to `openUri()` must be a string, got "undefined". Make sure the first parameter to `mongoose.connect()` or `mongoose.createConnection()` is a string.',
  stack: 'MongooseError: The `uri` parameter to `openUri()` must be a string, got "undefined". Make sure the first parameter to `mongoose.connect()` or `mongoose.createConnection()` is a string.\n' +
    '    at _createMongoClient (C:\\Users\\HP\\Desktop\\PosBackend\\node_modules\\mongoose\\lib\\connection.js:805:11)\n' +
    '    at NativeConnection.openUri (C:\\Users\\HP\\Desktop\\PosBackend\\node_modules\\mongoose\\lib\\connection.js:742:29)\n' +
    '    at Mongoose.connect (C:\\Users\\HP\\Desktop\\PosBackend\\node_modules\\mongoose\\lib\\index.js:406:15)\n' +
    '    at C:\\Users\\HP\\Desktop\\PosBackend\\src\\server.ts:14:20\n' +
    '    at Generator.next (<anonymous>)\n' +
    '    at C:\\Users\\HP\\Desktop\\PosBackend\\src\\server.ts:8:71\n' +
    '    at new Promise (<anonymous>)\n' +
    '    at __awaiter (C:\\Users\\HP\\Desktop\\PosBackend\\src\\server.ts:4:12)\n' +
    '    at boostrap (C:\\Users\\HP\\Desktop\\PosBackend\\src\\server.ts:25:12)\n' +
    '    at Object.<anonymous> (C:\\Users\\HP\\Desktop\\PosBackend\\src\\server.ts:38:1)',
  label: 'Ph',
  timestamp: '2023-07-23T15:06:30.874Z'
}
{
  service: 'user-service',
  level: 'error',
  message: 'Failed to connect database The `uri` parameter to `openUri()` must be a string, got "undefined". Make sure the first parameter to `mongoose.connect()` or `mongoose.createConnection()` is a string.',
  stack: 'MongooseError: The `uri` parameter to `openUri()` must be a string, got "undefined". Make sure the first parameter to `mongoose.connect()` or `mongoose.createConnection()` is a string.\n' +
    '    at _createMongoClient (C:\\Users\\HP\\Desktop\\PosBackend\\node_modules\\mongoose\\lib\\connection.js:805:11)\n' +
    '    at NativeConnection.openUri (C:\\Users\\HP\\Desktop\\PosBackend\\node_modules\\mongoose\\lib\\connection.js:742:29)\n' +
    '    at Mongoose.connect (C:\\Users\\HP\\Desktop\\PosBackend\\node_modules\\mongoose\\lib\\index.js:406:15)\n' +
    '    at C:\\Users\\HP\\Desktop\\PosBackend\\src\\server.ts:14:20\n' +
    '    at Generator.next (<anonymous>)\n' +
    '    at C:\\Users\\HP\\Desktop\\PosBackend\\src\\server.ts:8:71\n' +
    '    at new Promise (<anonymous>)\n' +
    '    at __awaiter (C:\\Users\\HP\\Desktop\\PosBackend\\src\\server.ts:4:12)\n' +
    '    at boostrap (C:\\Users\\HP\\Desktop\\PosBackend\\src\\server.ts:25:12)\n' +
    '    at Object.<anonymous> (C:\\Users\\HP\\Desktop\\PosBackend\\src\\server.ts:38:1)',
  label: 'Ph',
  timestamp: '2023-07-23T15:06:36.751Z'
}
{
  service: 'user-service',
  level: 'error',
  message: 'Failed to connect database The `uri` parameter to `openUri()` must be a string, got "undefined". Make sure the first parameter to `mongoose.connect()` or `mongoose.createConnection()` is a string.',
  stack: 'MongooseError: The `uri` parameter to `openUri()` must be a string, got "undefined". Make sure the first parameter to `mongoose.connect()` or `mongoose.createConnection()` is a string.\n' +
    '    at _createMongoClient (C:\\Users\\HP\\Desktop\\PosBackend\\node_modules\\mongoose\\lib\\connection.js:805:11)\n' +
    '    at NativeConnection.openUri (C:\\Users\\HP\\Desktop\\PosBackend\\node_modules\\mongoose\\lib\\connection.js:742:29)\n' +
    '    at Mongoose.connect (C:\\Users\\HP\\Desktop\\PosBackend\\node_modules\\mongoose\\lib\\index.js:406:15)\n' +
    '    at C:\\Users\\HP\\Desktop\\PosBackend\\src\\server.ts:14:20\n' +
    '    at Generator.next (<anonymous>)\n' +
    '    at C:\\Users\\HP\\Desktop\\PosBackend\\src\\server.ts:8:71\n' +
    '    at new Promise (<anonymous>)\n' +
    '    at __awaiter (C:\\Users\\HP\\Desktop\\PosBackend\\src\\server.ts:4:12)\n' +
    '    at boostrap (C:\\Users\\HP\\Desktop\\PosBackend\\src\\server.ts:25:12)\n' +
    '    at Object.<anonymous> (C:\\Users\\HP\\Desktop\\PosBackend\\src\\server.ts:38:1)',
  label: 'Ph',
  timestamp: '2023-07-23T15:06:39.421Z'
}
{
  service: 'user-service',
  level: 'error',
  message: 'Failed to connect database The `uri` parameter to `openUri()` must be a string, got "undefined". Make sure the first parameter to `mongoose.connect()` or `mongoose.createConnection()` is a string.',
  stack: 'MongooseError: The `uri` parameter to `openUri()` must be a string, got "undefined". Make sure the first parameter to `mongoose.connect()` or `mongoose.createConnection()` is a string.\n' +
    '    at _createMongoClient (C:\\Users\\HP\\Desktop\\PosBackend\\node_modules\\mongoose\\lib\\connection.js:805:11)\n' +
    '    at NativeConnection.openUri (C:\\Users\\HP\\Desktop\\PosBackend\\node_modules\\mongoose\\lib\\connection.js:742:29)\n' +
    '    at Mongoose.connect (C:\\Users\\HP\\Desktop\\PosBackend\\node_modules\\mongoose\\lib\\index.js:406:15)\n' +
    '    at C:\\Users\\HP\\Desktop\\PosBackend\\src\\server.ts:14:20\n' +
    '    at Generator.next (<anonymous>)\n' +
    '    at C:\\Users\\HP\\Desktop\\PosBackend\\src\\server.ts:8:71\n' +
    '    at new Promise (<anonymous>)\n' +
    '    at __awaiter (C:\\Users\\HP\\Desktop\\PosBackend\\src\\server.ts:4:12)\n' +
    '    at boostrap (C:\\Users\\HP\\Desktop\\PosBackend\\src\\server.ts:25:12)\n' +
    '    at Object.<anonymous> (C:\\Users\\HP\\Desktop\\PosBackend\\src\\server.ts:38:1)',
  label: 'Ph',
  timestamp: '2023-07-23T15:06:46.392Z'
}
{
  service: 'user-service',
  level: 'error',
  message: 'Failed to connect database The `uri` parameter to `openUri()` must be a string, got "undefined". Make sure the first parameter to `mongoose.connect()` or `mongoose.createConnection()` is a string.',
  stack: 'MongooseError: The `uri` parameter to `openUri()` must be a string, got "undefined". Make sure the first parameter to `mongoose.connect()` or `mongoose.createConnection()` is a string.\n' +
    '    at _createMongoClient (C:\\Users\\HP\\Desktop\\PosBackend\\node_modules\\mongoose\\lib\\connection.js:805:11)\n' +
    '    at NativeConnection.openUri (C:\\Users\\HP\\Desktop\\PosBackend\\node_modules\\mongoose\\lib\\connection.js:742:29)\n' +
    '    at Mongoose.connect (C:\\Users\\HP\\Desktop\\PosBackend\\node_modules\\mongoose\\lib\\index.js:406:15)\n' +
    '    at C:\\Users\\HP\\Desktop\\PosBackend\\src\\server.ts:14:20\n' +
    '    at Generator.next (<anonymous>)\n' +
    '    at C:\\Users\\HP\\Desktop\\PosBackend\\src\\server.ts:8:71\n' +
    '    at new Promise (<anonymous>)\n' +
    '    at __awaiter (C:\\Users\\HP\\Desktop\\PosBackend\\src\\server.ts:4:12)\n' +
    '    at boostrap (C:\\Users\\HP\\Desktop\\PosBackend\\src\\server.ts:25:12)\n' +
    '    at Object.<anonymous> (C:\\Users\\HP\\Desktop\\PosBackend\\src\\server.ts:38:1)',
  label: 'Ph',
  timestamp: '2023-07-23T15:07:03.742Z'
}
{
  service: 'user-service',
  level: 'error',
  message: 'Failed to connect database The `uri` parameter to `openUri()` must be a string, got "undefined". Make sure the first parameter to `mongoose.connect()` or `mongoose.createConnection()` is a string.',
  stack: 'MongooseError: The `uri` parameter to `openUri()` must be a string, got "undefined". Make sure the first parameter to `mongoose.connect()` or `mongoose.createConnection()` is a string.\n' +
    '    at _createMongoClient (C:\\Users\\HP\\Desktop\\PosBackend\\node_modules\\mongoose\\lib\\connection.js:805:11)\n' +
    '    at NativeConnection.openUri (C:\\Users\\HP\\Desktop\\PosBackend\\node_modules\\mongoose\\lib\\connection.js:742:29)\n' +
    '    at Mongoose.connect (C:\\Users\\HP\\Desktop\\PosBackend\\node_modules\\mongoose\\lib\\index.js:406:15)\n' +
    '    at C:\\Users\\HP\\Desktop\\PosBackend\\src\\server.ts:14:20\n' +
    '    at Generator.next (<anonymous>)\n' +
    '    at C:\\Users\\HP\\Desktop\\PosBackend\\src\\server.ts:8:71\n' +
    '    at new Promise (<anonymous>)\n' +
    '    at __awaiter (C:\\Users\\HP\\Desktop\\PosBackend\\src\\server.ts:4:12)\n' +
    '    at boostrap (C:\\Users\\HP\\Desktop\\PosBackend\\src\\server.ts:25:12)\n' +
    '    at Object.<anonymous> (C:\\Users\\HP\\Desktop\\PosBackend\\src\\server.ts:38:1)',
  label: 'Ph',
  timestamp: '2023-07-23T15:08:04.586Z'
}
{
  service: 'user-service',
  level: 'error',
  message: 'Failed to connect database The `uri` parameter to `openUri()` must be a string, got "undefined". Make sure the first parameter to `mongoose.connect()` or `mongoose.createConnection()` is a string.',
  stack: 'MongooseError: The `uri` parameter to `openUri()` must be a string, got "undefined". Make sure the first parameter to `mongoose.connect()` or `mongoose.createConnection()` is a string.\n' +
    '    at _createMongoClient (C:\\Users\\HP\\Desktop\\PosBackend\\node_modules\\mongoose\\lib\\connection.js:805:11)\n' +
    '    at NativeConnection.openUri (C:\\Users\\HP\\Desktop\\PosBackend\\node_modules\\mongoose\\lib\\connection.js:742:29)\n' +
    '    at Mongoose.connect (C:\\Users\\HP\\Desktop\\PosBackend\\node_modules\\mongoose\\lib\\index.js:406:15)\n' +
    '    at C:\\Users\\HP\\Desktop\\PosBackend\\src\\server.ts:14:20\n' +
    '    at Generator.next (<anonymous>)\n' +
    '    at C:\\Users\\HP\\Desktop\\PosBackend\\src\\server.ts:8:71\n' +
    '    at new Promise (<anonymous>)\n' +
    '    at __awaiter (C:\\Users\\HP\\Desktop\\PosBackend\\src\\server.ts:4:12)\n' +
    '    at boostrap (C:\\Users\\HP\\Desktop\\PosBackend\\src\\server.ts:25:12)\n' +
    '    at Object.<anonymous> (C:\\Users\\HP\\Desktop\\PosBackend\\src\\server.ts:38:1)',
  label: 'Ph',
  timestamp: '2023-07-23T15:08:08.368Z'
}
{
  service: 'user-service',
  level: 'error',
  message: 'Failed to connect database The `uri` parameter to `openUri()` must be a string, got "undefined". Make sure the first parameter to `mongoose.connect()` or `mongoose.createConnection()` is a string.',
  stack: 'MongooseError: The `uri` parameter to `openUri()` must be a string, got "undefined". Make sure the first parameter to `mongoose.connect()` or `mongoose.createConnection()` is a string.\n' +
    '    at _createMongoClient (C:\\Users\\HP\\Desktop\\PosBackend\\node_modules\\mongoose\\lib\\connection.js:805:11)\n' +
    '    at NativeConnection.openUri (C:\\Users\\HP\\Desktop\\PosBackend\\node_modules\\mongoose\\lib\\connection.js:742:29)\n' +
    '    at Mongoose.connect (C:\\Users\\HP\\Desktop\\PosBackend\\node_modules\\mongoose\\lib\\index.js:406:15)\n' +
    '    at C:\\Users\\HP\\Desktop\\PosBackend\\src\\server.ts:14:20\n' +
    '    at Generator.next (<anonymous>)\n' +
    '    at C:\\Users\\HP\\Desktop\\PosBackend\\src\\server.ts:8:71\n' +
    '    at new Promise (<anonymous>)\n' +
    '    at __awaiter (C:\\Users\\HP\\Desktop\\PosBackend\\src\\server.ts:4:12)\n' +
    '    at boostrap (C:\\Users\\HP\\Desktop\\PosBackend\\src\\server.ts:25:12)\n' +
    '    at Object.<anonymous> (C:\\Users\\HP\\Desktop\\PosBackend\\src\\server.ts:38:1)',
  label: 'Ph',
  timestamp: '2023-07-23T15:09:02.588Z'
}
{
  service: 'user-service',
  level: 'error',
  message: 'Failed to connect database The `uri` parameter to `openUri()` must be a string, got "undefined". Make sure the first parameter to `mongoose.connect()` or `mongoose.createConnection()` is a string.',
  stack: 'MongooseError: The `uri` parameter to `openUri()` must be a string, got "undefined". Make sure the first parameter to `mongoose.connect()` or `mongoose.createConnection()` is a string.\n' +
    '    at _createMongoClient (C:\\Users\\HP\\Desktop\\PosBackend\\node_modules\\mongoose\\lib\\connection.js:805:11)\n' +
    '    at NativeConnection.openUri (C:\\Users\\HP\\Desktop\\PosBackend\\node_modules\\mongoose\\lib\\connection.js:742:29)\n' +
    '    at Mongoose.connect (C:\\Users\\HP\\Desktop\\PosBackend\\node_modules\\mongoose\\lib\\index.js:406:15)\n' +
    '    at C:\\Users\\HP\\Desktop\\PosBackend\\src\\server.ts:14:20\n' +
    '    at Generator.next (<anonymous>)\n' +
    '    at C:\\Users\\HP\\Desktop\\PosBackend\\src\\server.ts:8:71\n' +
    '    at new Promise (<anonymous>)\n' +
    '    at __awaiter (C:\\Users\\HP\\Desktop\\PosBackend\\src\\server.ts:4:12)\n' +
    '    at boostrap (C:\\Users\\HP\\Desktop\\PosBackend\\src\\server.ts:25:12)\n' +
    '    at Object.<anonymous> (C:\\Users\\HP\\Desktop\\PosBackend\\src\\server.ts:38:1)',
  label: 'Ph',
  timestamp: '2023-07-23T15:10:20.183Z'
}
{
  service: 'user-service',
  level: 'error',
  message: 'Failed to connect database The `uri` parameter to `openUri()` must be a string, got "undefined". Make sure the first parameter to `mongoose.connect()` or `mongoose.createConnection()` is a string.',
  stack: 'MongooseError: The `uri` parameter to `openUri()` must be a string, got "undefined". Make sure the first parameter to `mongoose.connect()` or `mongoose.createConnection()` is a string.\n' +
    '    at _createMongoClient (C:\\Users\\HP\\Desktop\\PosBackend\\node_modules\\mongoose\\lib\\connection.js:805:11)\n' +
    '    at NativeConnection.openUri (C:\\Users\\HP\\Desktop\\PosBackend\\node_modules\\mongoose\\lib\\connection.js:742:29)\n' +
    '    at Mongoose.connect (C:\\Users\\HP\\Desktop\\PosBackend\\node_modules\\mongoose\\lib\\index.js:406:15)\n' +
    '    at C:\\Users\\HP\\Desktop\\PosBackend\\src\\server.ts:14:20\n' +
    '    at Generator.next (<anonymous>)\n' +
    '    at C:\\Users\\HP\\Desktop\\PosBackend\\src\\server.ts:8:71\n' +
    '    at new Promise (<anonymous>)\n' +
    '    at __awaiter (C:\\Users\\HP\\Desktop\\PosBackend\\src\\server.ts:4:12)\n' +
    '    at boostrap (C:\\Users\\HP\\Desktop\\PosBackend\\src\\server.ts:25:12)\n' +
    '    at Object.<anonymous> (C:\\Users\\HP\\Desktop\\PosBackend\\src\\server.ts:38:1)',
  label: 'Ph',
  timestamp: '2023-07-23T15:10:49.586Z'
}
{
  service: 'user-service',
  level: 'error',
  message: 'Failed to connect database The `uri` parameter to `openUri()` must be a string, got "undefined". Make sure the first parameter to `mongoose.connect()` or `mongoose.createConnection()` is a string.',
  stack: 'MongooseError: The `uri` parameter to `openUri()` must be a string, got "undefined". Make sure the first parameter to `mongoose.connect()` or `mongoose.createConnection()` is a string.\n' +
    '    at _createMongoClient (C:\\Users\\HP\\Desktop\\PosBackend\\node_modules\\mongoose\\lib\\connection.js:805:11)\n' +
    '    at NativeConnection.openUri (C:\\Users\\HP\\Desktop\\PosBackend\\node_modules\\mongoose\\lib\\connection.js:742:29)\n' +
    '    at Mongoose.connect (C:\\Users\\HP\\Desktop\\PosBackend\\node_modules\\mongoose\\lib\\index.js:406:15)\n' +
    '    at C:\\Users\\HP\\Desktop\\PosBackend\\src\\server.ts:14:20\n' +
    '    at Generator.next (<anonymous>)\n' +
    '    at C:\\Users\\HP\\Desktop\\PosBackend\\src\\server.ts:8:71\n' +
    '    at new Promise (<anonymous>)\n' +
    '    at __awaiter (C:\\Users\\HP\\Desktop\\PosBackend\\src\\server.ts:4:12)\n' +
    '    at boostrap (C:\\Users\\HP\\Desktop\\PosBackend\\src\\server.ts:25:12)\n' +
    '    at Object.<anonymous> (C:\\Users\\HP\\Desktop\\PosBackend\\src\\server.ts:38:1)',
  label: 'Ph',
  timestamp: '2023-07-23T15:11:54.067Z'
}
{
  service: 'user-service',
  level: 'error',
  message: 'Failed to connect database The `uri` parameter to `openUri()` must be a string, got "undefined". Make sure the first parameter to `mongoose.connect()` or `mongoose.createConnection()` is a string.',
  stack: 'MongooseError: The `uri` parameter to `openUri()` must be a string, got "undefined". Make sure the first parameter to `mongoose.connect()` or `mongoose.createConnection()` is a string.\n' +
    '    at _createMongoClient (C:\\Users\\HP\\Desktop\\PosBackend\\node_modules\\mongoose\\lib\\connection.js:805:11)\n' +
    '    at NativeConnection.openUri (C:\\Users\\HP\\Desktop\\PosBackend\\node_modules\\mongoose\\lib\\connection.js:742:29)\n' +
    '    at Mongoose.connect (C:\\Users\\HP\\Desktop\\PosBackend\\node_modules\\mongoose\\lib\\index.js:406:15)\n' +
    '    at C:\\Users\\HP\\Desktop\\PosBackend\\src\\server.ts:14:20\n' +
    '    at Generator.next (<anonymous>)\n' +
    '    at C:\\Users\\HP\\Desktop\\PosBackend\\src\\server.ts:8:71\n' +
    '    at new Promise (<anonymous>)\n' +
    '    at __awaiter (C:\\Users\\HP\\Desktop\\PosBackend\\src\\server.ts:4:12)\n' +
    '    at boostrap (C:\\Users\\HP\\Desktop\\PosBackend\\src\\server.ts:25:12)\n' +
    '    at Object.<anonymous> (C:\\Users\\HP\\Desktop\\PosBackend\\src\\server.ts:38:1)',
  label: 'Ph',
  timestamp: '2023-07-23T15:12:05.207Z'
}
{
  service: 'user-service',
  level: 'error',
  message: 'Failed to connect database The `uri` parameter to `openUri()` must be a string, got "undefined". Make sure the first parameter to `mongoose.connect()` or `mongoose.createConnection()` is a string.',
  stack: 'MongooseError: The `uri` parameter to `openUri()` must be a string, got "undefined". Make sure the first parameter to `mongoose.connect()` or `mongoose.createConnection()` is a string.\n' +
    '    at _createMongoClient (C:\\Users\\HP\\Desktop\\PosBackend\\node_modules\\mongoose\\lib\\connection.js:805:11)\n' +
    '    at NativeConnection.openUri (C:\\Users\\HP\\Desktop\\PosBackend\\node_modules\\mongoose\\lib\\connection.js:742:29)\n' +
    '    at Mongoose.connect (C:\\Users\\HP\\Desktop\\PosBackend\\node_modules\\mongoose\\lib\\index.js:406:15)\n' +
    '    at C:\\Users\\HP\\Desktop\\PosBackend\\src\\server.ts:14:20\n' +
    '    at Generator.next (<anonymous>)\n' +
    '    at C:\\Users\\HP\\Desktop\\PosBackend\\src\\server.ts:8:71\n' +
    '    at new Promise (<anonymous>)\n' +
    '    at __awaiter (C:\\Users\\HP\\Desktop\\PosBackend\\src\\server.ts:4:12)\n' +
    '    at boostrap (C:\\Users\\HP\\Desktop\\PosBackend\\src\\server.ts:25:12)\n' +
    '    at Object.<anonymous> (C:\\Users\\HP\\Desktop\\PosBackend\\src\\server.ts:38:1)',
  label: 'Ph',
  timestamp: '2023-07-23T15:12:07.587Z'
}
{
  service: 'user-service',
  level: 'error',
  message: 'Failed to connect database The `uri` parameter to `openUri()` must be a string, got "undefined". Make sure the first parameter to `mongoose.connect()` or `mongoose.createConnection()` is a string.',
  stack: 'MongooseError: The `uri` parameter to `openUri()` must be a string, got "undefined". Make sure the first parameter to `mongoose.connect()` or `mongoose.createConnection()` is a string.\n' +
    '    at _createMongoClient (C:\\Users\\HP\\Desktop\\PosBackend\\node_modules\\mongoose\\lib\\connection.js:805:11)\n' +
    '    at NativeConnection.openUri (C:\\Users\\HP\\Desktop\\PosBackend\\node_modules\\mongoose\\lib\\connection.js:742:29)\n' +
    '    at Mongoose.connect (C:\\Users\\HP\\Desktop\\PosBackend\\node_modules\\mongoose\\lib\\index.js:406:15)\n' +
    '    at C:\\Users\\HP\\Desktop\\PosBackend\\src\\server.ts:14:20\n' +
    '    at Generator.next (<anonymous>)\n' +
    '    at C:\\Users\\HP\\Desktop\\PosBackend\\src\\server.ts:8:71\n' +
    '    at new Promise (<anonymous>)\n' +
    '    at __awaiter (C:\\Users\\HP\\Desktop\\PosBackend\\src\\server.ts:4:12)\n' +
    '    at boostrap (C:\\Users\\HP\\Desktop\\PosBackend\\src\\server.ts:25:12)\n' +
    '    at Object.<anonymous> (C:\\Users\\HP\\Desktop\\PosBackend\\src\\server.ts:38:1)',
  label: 'Ph',
  timestamp: '2023-07-23T15:12:09.145Z'
}
{
  service: 'user-service',
  level: 'error',
  message: 'Failed to connect database The `uri` parameter to `openUri()` must be a string, got "undefined". Make sure the first parameter to `mongoose.connect()` or `mongoose.createConnection()` is a string.',
  stack: 'MongooseError: The `uri` parameter to `openUri()` must be a string, got "undefined". Make sure the first parameter to `mongoose.connect()` or `mongoose.createConnection()` is a string.\n' +
    '    at _createMongoClient (C:\\Users\\HP\\Desktop\\PosBackend\\node_modules\\mongoose\\lib\\connection.js:805:11)\n' +
    '    at NativeConnection.openUri (C:\\Users\\HP\\Desktop\\PosBackend\\node_modules\\mongoose\\lib\\connection.js:742:29)\n' +
    '    at Mongoose.connect (C:\\Users\\HP\\Desktop\\PosBackend\\node_modules\\mongoose\\lib\\index.js:406:15)\n' +
    '    at C:\\Users\\HP\\Desktop\\PosBackend\\src\\server.ts:14:20\n' +
    '    at Generator.next (<anonymous>)\n' +
    '    at C:\\Users\\HP\\Desktop\\PosBackend\\src\\server.ts:8:71\n' +
    '    at new Promise (<anonymous>)\n' +
    '    at __awaiter (C:\\Users\\HP\\Desktop\\PosBackend\\src\\server.ts:4:12)\n' +
    '    at boostrap (C:\\Users\\HP\\Desktop\\PosBackend\\src\\server.ts:25:12)\n' +
    '    at Object.<anonymous> (C:\\Users\\HP\\Desktop\\PosBackend\\src\\server.ts:38:1)',
  label: 'Ph',
  timestamp: '2023-07-23T15:12:19.312Z'
}
{
  service: 'user-service',
  level: 'error',
  message: 'Failed to connect database The `uri` parameter to `openUri()` must be a string, got "undefined". Make sure the first parameter to `mongoose.connect()` or `mongoose.createConnection()` is a string.',
  stack: 'MongooseError: The `uri` parameter to `openUri()` must be a string, got "undefined". Make sure the first parameter to `mongoose.connect()` or `mongoose.createConnection()` is a string.\n' +
    '    at _createMongoClient (C:\\Users\\HP\\Desktop\\PosBackend\\node_modules\\mongoose\\lib\\connection.js:805:11)\n' +
    '    at NativeConnection.openUri (C:\\Users\\HP\\Desktop\\PosBackend\\node_modules\\mongoose\\lib\\connection.js:742:29)\n' +
    '    at Mongoose.connect (C:\\Users\\HP\\Desktop\\PosBackend\\node_modules\\mongoose\\lib\\index.js:406:15)\n' +
    '    at C:\\Users\\HP\\Desktop\\PosBackend\\src\\server.ts:14:20\n' +
    '    at Generator.next (<anonymous>)\n' +
    '    at C:\\Users\\HP\\Desktop\\PosBackend\\src\\server.ts:8:71\n' +
    '    at new Promise (<anonymous>)\n' +
    '    at __awaiter (C:\\Users\\HP\\Desktop\\PosBackend\\src\\server.ts:4:12)\n' +
    '    at boostrap (C:\\Users\\HP\\Desktop\\PosBackend\\src\\server.ts:25:12)\n' +
    '    at Object.<anonymous> (C:\\Users\\HP\\Desktop\\PosBackend\\src\\server.ts:38:1)',
  label: 'Ph',
  timestamp: '2023-07-23T15:12:22.051Z'
}
{
  service: 'user-service',
  level: 'error',
  message: 'Failed to connect database The `uri` parameter to `openUri()` must be a string, got "undefined". Make sure the first parameter to `mongoose.connect()` or `mongoose.createConnection()` is a string.',
  stack: 'MongooseError: The `uri` parameter to `openUri()` must be a string, got "undefined". Make sure the first parameter to `mongoose.connect()` or `mongoose.createConnection()` is a string.\n' +
    '    at _createMongoClient (C:\\Users\\HP\\Desktop\\PosBackend\\node_modules\\mongoose\\lib\\connection.js:805:11)\n' +
    '    at NativeConnection.openUri (C:\\Users\\HP\\Desktop\\PosBackend\\node_modules\\mongoose\\lib\\connection.js:742:29)\n' +
    '    at Mongoose.connect (C:\\Users\\HP\\Desktop\\PosBackend\\node_modules\\mongoose\\lib\\index.js:406:15)\n' +
    '    at C:\\Users\\HP\\Desktop\\PosBackend\\src\\server.ts:14:20\n' +
    '    at Generator.next (<anonymous>)\n' +
    '    at C:\\Users\\HP\\Desktop\\PosBackend\\src\\server.ts:8:71\n' +
    '    at new Promise (<anonymous>)\n' +
    '    at __awaiter (C:\\Users\\HP\\Desktop\\PosBackend\\src\\server.ts:4:12)\n' +
    '    at boostrap (C:\\Users\\HP\\Desktop\\PosBackend\\src\\server.ts:25:12)\n' +
    '    at Object.<anonymous> (C:\\Users\\HP\\Desktop\\PosBackend\\src\\server.ts:38:1)',
  label: 'Ph',
  timestamp: '2023-07-23T15:12:22.982Z'
}
{
  service: 'user-service',
  level: 'error',
  message: 'Failed to connect database The `uri` parameter to `openUri()` must be a string, got "undefined". Make sure the first parameter to `mongoose.connect()` or `mongoose.createConnection()` is a string.',
  stack: 'MongooseError: The `uri` parameter to `openUri()` must be a string, got "undefined". Make sure the first parameter to `mongoose.connect()` or `mongoose.createConnection()` is a string.\n' +
    '    at _createMongoClient (C:\\Users\\HP\\Desktop\\PosBackend\\node_modules\\mongoose\\lib\\connection.js:805:11)\n' +
    '    at NativeConnection.openUri (C:\\Users\\HP\\Desktop\\PosBackend\\node_modules\\mongoose\\lib\\connection.js:742:29)\n' +
    '    at Mongoose.connect (C:\\Users\\HP\\Desktop\\PosBackend\\node_modules\\mongoose\\lib\\index.js:406:15)\n' +
    '    at C:\\Users\\HP\\Desktop\\PosBackend\\src\\server.ts:14:20\n' +
    '    at Generator.next (<anonymous>)\n' +
    '    at C:\\Users\\HP\\Desktop\\PosBackend\\src\\server.ts:8:71\n' +
    '    at new Promise (<anonymous>)\n' +
    '    at __awaiter (C:\\Users\\HP\\Desktop\\PosBackend\\src\\server.ts:4:12)\n' +
    '    at boostrap (C:\\Users\\HP\\Desktop\\PosBackend\\src\\server.ts:25:12)\n' +
    '    at Object.<anonymous> (C:\\Users\\HP\\Desktop\\PosBackend\\src\\server.ts:38:1)',
  label: 'Ph',
  timestamp: '2023-07-23T15:12:35.270Z'
}
{
  service: 'user-service',
  level: 'error',
  message: 'Failed to connect database The `uri` parameter to `openUri()` must be a string, got "undefined". Make sure the first parameter to `mongoose.connect()` or `mongoose.createConnection()` is a string.',
  stack: 'MongooseError: The `uri` parameter to `openUri()` must be a string, got "undefined". Make sure the first parameter to `mongoose.connect()` or `mongoose.createConnection()` is a string.\n' +
    '    at _createMongoClient (C:\\Users\\HP\\Desktop\\PosBackend\\node_modules\\mongoose\\lib\\connection.js:805:11)\n' +
    '    at NativeConnection.openUri (C:\\Users\\HP\\Desktop\\PosBackend\\node_modules\\mongoose\\lib\\connection.js:742:29)\n' +
    '    at Mongoose.connect (C:\\Users\\HP\\Desktop\\PosBackend\\node_modules\\mongoose\\lib\\index.js:406:15)\n' +
    '    at C:\\Users\\HP\\Desktop\\PosBackend\\src\\server.ts:14:20\n' +
    '    at Generator.next (<anonymous>)\n' +
    '    at C:\\Users\\HP\\Desktop\\PosBackend\\src\\server.ts:8:71\n' +
    '    at new Promise (<anonymous>)\n' +
    '    at __awaiter (C:\\Users\\HP\\Desktop\\PosBackend\\src\\server.ts:4:12)\n' +
    '    at boostrap (C:\\Users\\HP\\Desktop\\PosBackend\\src\\server.ts:25:12)\n' +
    '    at Object.<anonymous> (C:\\Users\\HP\\Desktop\\PosBackend\\src\\server.ts:38:1)',
  label: 'Ph',
  timestamp: '2023-07-23T15:12:42.169Z'
}
{
  service: 'user-service',
  level: 'error',
  message: 'Failed to connect database The `uri` parameter to `openUri()` must be a string, got "undefined". Make sure the first parameter to `mongoose.connect()` or `mongoose.createConnection()` is a string.',
  stack: 'MongooseError: The `uri` parameter to `openUri()` must be a string, got "undefined". Make sure the first parameter to `mongoose.connect()` or `mongoose.createConnection()` is a string.\n' +
    '    at _createMongoClient (C:\\Users\\HP\\Desktop\\PosBackend\\node_modules\\mongoose\\lib\\connection.js:805:11)\n' +
    '    at NativeConnection.openUri (C:\\Users\\HP\\Desktop\\PosBackend\\node_modules\\mongoose\\lib\\connection.js:742:29)\n' +
    '    at Mongoose.connect (C:\\Users\\HP\\Desktop\\PosBackend\\node_modules\\mongoose\\lib\\index.js:406:15)\n' +
    '    at C:\\Users\\HP\\Desktop\\PosBackend\\src\\server.ts:14:20\n' +
    '    at Generator.next (<anonymous>)\n' +
    '    at C:\\Users\\HP\\Desktop\\PosBackend\\src\\server.ts:8:71\n' +
    '    at new Promise (<anonymous>)\n' +
    '    at __awaiter (C:\\Users\\HP\\Desktop\\PosBackend\\src\\server.ts:4:12)\n' +
    '    at boostrap (C:\\Users\\HP\\Desktop\\PosBackend\\src\\server.ts:25:12)\n' +
    '    at Object.<anonymous> (C:\\Users\\HP\\Desktop\\PosBackend\\src\\server.ts:38:1)',
  label: 'Ph',
  timestamp: '2023-07-23T15:12:45.554Z'
}
{
  service: 'user-service',
  level: 'error',
  message: 'Failed to connect database The `uri` parameter to `openUri()` must be a string, got "undefined". Make sure the first parameter to `mongoose.connect()` or `mongoose.createConnection()` is a string.',
  stack: 'MongooseError: The `uri` parameter to `openUri()` must be a string, got "undefined". Make sure the first parameter to `mongoose.connect()` or `mongoose.createConnection()` is a string.\n' +
    '    at _createMongoClient (C:\\Users\\HP\\Desktop\\PosBackend\\node_modules\\mongoose\\lib\\connection.js:805:11)\n' +
    '    at NativeConnection.openUri (C:\\Users\\HP\\Desktop\\PosBackend\\node_modules\\mongoose\\lib\\connection.js:742:29)\n' +
    '    at Mongoose.connect (C:\\Users\\HP\\Desktop\\PosBackend\\node_modules\\mongoose\\lib\\index.js:406:15)\n' +
    '    at C:\\Users\\HP\\Desktop\\PosBackend\\src\\server.ts:14:20\n' +
    '    at Generator.next (<anonymous>)\n' +
    '    at C:\\Users\\HP\\Desktop\\PosBackend\\src\\server.ts:8:71\n' +
    '    at new Promise (<anonymous>)\n' +
    '    at __awaiter (C:\\Users\\HP\\Desktop\\PosBackend\\src\\server.ts:4:12)\n' +
    '    at boostrap (C:\\Users\\HP\\Desktop\\PosBackend\\src\\server.ts:25:12)\n' +
    '    at Object.<anonymous> (C:\\Users\\HP\\Desktop\\PosBackend\\src\\server.ts:38:1)',
  label: 'Ph',
  timestamp: '2023-07-23T15:12:54.617Z'
}
{
  service: 'user-service',
  level: 'error',
  message: 'Failed to connect database The `uri` parameter to `openUri()` must be a string, got "undefined". Make sure the first parameter to `mongoose.connect()` or `mongoose.createConnection()` is a string.',
  stack: 'MongooseError: The `uri` parameter to `openUri()` must be a string, got "undefined". Make sure the first parameter to `mongoose.connect()` or `mongoose.createConnection()` is a string.\n' +
    '    at _createMongoClient (C:\\Users\\HP\\Desktop\\PosBackend\\node_modules\\mongoose\\lib\\connection.js:805:11)\n' +
    '    at NativeConnection.openUri (C:\\Users\\HP\\Desktop\\PosBackend\\node_modules\\mongoose\\lib\\connection.js:742:29)\n' +
    '    at Mongoose.connect (C:\\Users\\HP\\Desktop\\PosBackend\\node_modules\\mongoose\\lib\\index.js:406:15)\n' +
    '    at C:\\Users\\HP\\Desktop\\PosBackend\\src\\server.ts:14:20\n' +
    '    at Generator.next (<anonymous>)\n' +
    '    at C:\\Users\\HP\\Desktop\\PosBackend\\src\\server.ts:8:71\n' +
    '    at new Promise (<anonymous>)\n' +
    '    at __awaiter (C:\\Users\\HP\\Desktop\\PosBackend\\src\\server.ts:4:12)\n' +
    '    at boostrap (C:\\Users\\HP\\Desktop\\PosBackend\\src\\server.ts:25:12)\n' +
    '    at Object.<anonymous> (C:\\Users\\HP\\Desktop\\PosBackend\\src\\server.ts:38:1)',
  label: 'Ph',
  timestamp: '2023-07-23T15:13:01.850Z'
}
{
  service: 'user-service',
  level: 'error',
  message: 'Failed to connect database The `uri` parameter to `openUri()` must be a string, got "undefined". Make sure the first parameter to `mongoose.connect()` or `mongoose.createConnection()` is a string.',
  stack: 'MongooseError: The `uri` parameter to `openUri()` must be a string, got "undefined". Make sure the first parameter to `mongoose.connect()` or `mongoose.createConnection()` is a string.\n' +
    '    at _createMongoClient (C:\\Users\\HP\\Desktop\\PosBackend\\node_modules\\mongoose\\lib\\connection.js:805:11)\n' +
    '    at NativeConnection.openUri (C:\\Users\\HP\\Desktop\\PosBackend\\node_modules\\mongoose\\lib\\connection.js:742:29)\n' +
    '    at Mongoose.connect (C:\\Users\\HP\\Desktop\\PosBackend\\node_modules\\mongoose\\lib\\index.js:406:15)\n' +
    '    at C:\\Users\\HP\\Desktop\\PosBackend\\src\\server.ts:14:20\n' +
    '    at Generator.next (<anonymous>)\n' +
    '    at C:\\Users\\HP\\Desktop\\PosBackend\\src\\server.ts:8:71\n' +
    '    at new Promise (<anonymous>)\n' +
    '    at __awaiter (C:\\Users\\HP\\Desktop\\PosBackend\\src\\server.ts:4:12)\n' +
    '    at boostrap (C:\\Users\\HP\\Desktop\\PosBackend\\src\\server.ts:25:12)\n' +
    '    at Object.<anonymous> (C:\\Users\\HP\\Desktop\\PosBackend\\src\\server.ts:38:1)',
  label: 'Ph',
  timestamp: '2023-07-23T15:13:03.709Z'
}
{
  service: 'user-service',
  level: 'error',
  message: 'Failed to connect database The `uri` parameter to `openUri()` must be a string, got "undefined". Make sure the first parameter to `mongoose.connect()` or `mongoose.createConnection()` is a string.',
  stack: 'MongooseError: The `uri` parameter to `openUri()` must be a string, got "undefined". Make sure the first parameter to `mongoose.connect()` or `mongoose.createConnection()` is a string.\n' +
    '    at _createMongoClient (C:\\Users\\HP\\Desktop\\PosBackend\\node_modules\\mongoose\\lib\\connection.js:805:11)\n' +
    '    at NativeConnection.openUri (C:\\Users\\HP\\Desktop\\PosBackend\\node_modules\\mongoose\\lib\\connection.js:742:29)\n' +
    '    at Mongoose.connect (C:\\Users\\HP\\Desktop\\PosBackend\\node_modules\\mongoose\\lib\\index.js:406:15)\n' +
    '    at C:\\Users\\HP\\Desktop\\PosBackend\\src\\server.ts:14:20\n' +
    '    at Generator.next (<anonymous>)\n' +
    '    at C:\\Users\\HP\\Desktop\\PosBackend\\src\\server.ts:8:71\n' +
    '    at new Promise (<anonymous>)\n' +
    '    at __awaiter (C:\\Users\\HP\\Desktop\\PosBackend\\src\\server.ts:4:12)\n' +
    '    at boostrap (C:\\Users\\HP\\Desktop\\PosBackend\\src\\server.ts:25:12)\n' +
    '    at Object.<anonymous> (C:\\Users\\HP\\Desktop\\PosBackend\\src\\server.ts:38:1)',
  label: 'Ph',
  timestamp: '2023-07-23T15:13:10.102Z'
}
{
  service: 'user-service',
  level: 'error',
  message: 'Failed to connect database The `uri` parameter to `openUri()` must be a string, got "undefined". Make sure the first parameter to `mongoose.connect()` or `mongoose.createConnection()` is a string.',
  stack: 'MongooseError: The `uri` parameter to `openUri()` must be a string, got "undefined". Make sure the first parameter to `mongoose.connect()` or `mongoose.createConnection()` is a string.\n' +
    '    at _createMongoClient (C:\\Users\\HP\\Desktop\\PosBackend\\node_modules\\mongoose\\lib\\connection.js:805:11)\n' +
    '    at NativeConnection.openUri (C:\\Users\\HP\\Desktop\\PosBackend\\node_modules\\mongoose\\lib\\connection.js:742:29)\n' +
    '    at Mongoose.connect (C:\\Users\\HP\\Desktop\\PosBackend\\node_modules\\mongoose\\lib\\index.js:406:15)\n' +
    '    at C:\\Users\\HP\\Desktop\\PosBackend\\src\\server.ts:14:20\n' +
    '    at Generator.next (<anonymous>)\n' +
    '    at C:\\Users\\HP\\Desktop\\PosBackend\\src\\server.ts:8:71\n' +
    '    at new Promise (<anonymous>)\n' +
    '    at __awaiter (C:\\Users\\HP\\Desktop\\PosBackend\\src\\server.ts:4:12)\n' +
    '    at boostrap (C:\\Users\\HP\\Desktop\\PosBackend\\src\\server.ts:25:12)\n' +
    '    at Object.<anonymous> (C:\\Users\\HP\\Desktop\\PosBackend\\src\\server.ts:38:1)',
  label: 'Ph',
  timestamp: '2023-07-23T15:13:17.745Z'
}
{
  service: 'user-service',
  level: 'error',
  message: 'Failed to connect database The `uri` parameter to `openUri()` must be a string, got "undefined". Make sure the first parameter to `mongoose.connect()` or `mongoose.createConnection()` is a string.',
  stack: 'MongooseError: The `uri` parameter to `openUri()` must be a string, got "undefined". Make sure the first parameter to `mongoose.connect()` or `mongoose.createConnection()` is a string.\n' +
    '    at _createMongoClient (C:\\Users\\HP\\Desktop\\PosBackend\\node_modules\\mongoose\\lib\\connection.js:805:11)\n' +
    '    at NativeConnection.openUri (C:\\Users\\HP\\Desktop\\PosBackend\\node_modules\\mongoose\\lib\\connection.js:742:29)\n' +
    '    at Mongoose.connect (C:\\Users\\HP\\Desktop\\PosBackend\\node_modules\\mongoose\\lib\\index.js:406:15)\n' +
    '    at C:\\Users\\HP\\Desktop\\PosBackend\\src\\server.ts:14:20\n' +
    '    at Generator.next (<anonymous>)\n' +
    '    at C:\\Users\\HP\\Desktop\\PosBackend\\src\\server.ts:8:71\n' +
    '    at new Promise (<anonymous>)\n' +
    '    at __awaiter (C:\\Users\\HP\\Desktop\\PosBackend\\src\\server.ts:4:12)\n' +
    '    at boostrap (C:\\Users\\HP\\Desktop\\PosBackend\\src\\server.ts:25:12)\n' +
    '    at Object.<anonymous> (C:\\Users\\HP\\Desktop\\PosBackend\\src\\server.ts:38:1)',
  label: 'Ph',
  timestamp: '2023-07-23T15:13:21.506Z'
}
{
  service: 'user-service',
  level: 'error',
  message: 'Failed to connect database The `uri` parameter to `openUri()` must be a string, got "undefined". Make sure the first parameter to `mongoose.connect()` or `mongoose.createConnection()` is a string.',
  stack: 'MongooseError: The `uri` parameter to `openUri()` must be a string, got "undefined". Make sure the first parameter to `mongoose.connect()` or `mongoose.createConnection()` is a string.\n' +
    '    at _createMongoClient (C:\\Users\\HP\\Desktop\\PosBackend\\node_modules\\mongoose\\lib\\connection.js:805:11)\n' +
    '    at NativeConnection.openUri (C:\\Users\\HP\\Desktop\\PosBackend\\node_modules\\mongoose\\lib\\connection.js:742:29)\n' +
    '    at Mongoose.connect (C:\\Users\\HP\\Desktop\\PosBackend\\node_modules\\mongoose\\lib\\index.js:406:15)\n' +
    '    at C:\\Users\\HP\\Desktop\\PosBackend\\src\\server.ts:14:20\n' +
    '    at Generator.next (<anonymous>)\n' +
    '    at C:\\Users\\HP\\Desktop\\PosBackend\\src\\server.ts:8:71\n' +
    '    at new Promise (<anonymous>)\n' +
    '    at __awaiter (C:\\Users\\HP\\Desktop\\PosBackend\\src\\server.ts:4:12)\n' +
    '    at boostrap (C:\\Users\\HP\\Desktop\\PosBackend\\src\\server.ts:25:12)\n' +
    '    at Object.<anonymous> (C:\\Users\\HP\\Desktop\\PosBackend\\src\\server.ts:38:1)',
  label: 'Ph',
  timestamp: '2023-07-23T15:13:23.278Z'
}
{
  service: 'user-service',
  level: 'error',
  message: 'Failed to connect database The `uri` parameter to `openUri()` must be a string, got "undefined". Make sure the first parameter to `mongoose.connect()` or `mongoose.createConnection()` is a string.',
  stack: 'MongooseError: The `uri` parameter to `openUri()` must be a string, got "undefined". Make sure the first parameter to `mongoose.connect()` or `mongoose.createConnection()` is a string.\n' +
    '    at _createMongoClient (C:\\Users\\HP\\Desktop\\PosBackend\\node_modules\\mongoose\\lib\\connection.js:805:11)\n' +
    '    at NativeConnection.openUri (C:\\Users\\HP\\Desktop\\PosBackend\\node_modules\\mongoose\\lib\\connection.js:742:29)\n' +
    '    at Mongoose.connect (C:\\Users\\HP\\Desktop\\PosBackend\\node_modules\\mongoose\\lib\\index.js:406:15)\n' +
    '    at C:\\Users\\HP\\Desktop\\PosBackend\\src\\server.ts:14:20\n' +
    '    at Generator.next (<anonymous>)\n' +
    '    at C:\\Users\\HP\\Desktop\\PosBackend\\src\\server.ts:8:71\n' +
    '    at new Promise (<anonymous>)\n' +
    '    at __awaiter (C:\\Users\\HP\\Desktop\\PosBackend\\src\\server.ts:4:12)\n' +
    '    at boostrap (C:\\Users\\HP\\Desktop\\PosBackend\\src\\server.ts:25:12)\n' +
    '    at Object.<anonymous> (C:\\Users\\HP\\Desktop\\PosBackend\\src\\server.ts:38:1)',
  label: 'Ph',
  timestamp: '2023-07-23T15:13:27.507Z'
}
{
  service: 'user-service',
  level: 'error',
  message: 'Failed to connect database The `uri` parameter to `openUri()` must be a string, got "undefined". Make sure the first parameter to `mongoose.connect()` or `mongoose.createConnection()` is a string.',
  stack: 'MongooseError: The `uri` parameter to `openUri()` must be a string, got "undefined". Make sure the first parameter to `mongoose.connect()` or `mongoose.createConnection()` is a string.\n' +
    '    at _createMongoClient (C:\\Users\\HP\\Desktop\\PosBackend\\node_modules\\mongoose\\lib\\connection.js:805:11)\n' +
    '    at NativeConnection.openUri (C:\\Users\\HP\\Desktop\\PosBackend\\node_modules\\mongoose\\lib\\connection.js:742:29)\n' +
    '    at Mongoose.connect (C:\\Users\\HP\\Desktop\\PosBackend\\node_modules\\mongoose\\lib\\index.js:406:15)\n' +
    '    at C:\\Users\\HP\\Desktop\\PosBackend\\src\\server.ts:14:20\n' +
    '    at Generator.next (<anonymous>)\n' +
    '    at C:\\Users\\HP\\Desktop\\PosBackend\\src\\server.ts:8:71\n' +
    '    at new Promise (<anonymous>)\n' +
    '    at __awaiter (C:\\Users\\HP\\Desktop\\PosBackend\\src\\server.ts:4:12)\n' +
    '    at boostrap (C:\\Users\\HP\\Desktop\\PosBackend\\src\\server.ts:25:12)\n' +
    '    at Object.<anonymous> (C:\\Users\\HP\\Desktop\\PosBackend\\src\\server.ts:38:1)',
  label: 'Ph',
  timestamp: '2023-07-23T15:13:28.980Z'
}
{
  service: 'user-service',
  level: 'error',
  message: 'Failed to connect database The `uri` parameter to `openUri()` must be a string, got "undefined". Make sure the first parameter to `mongoose.connect()` or `mongoose.createConnection()` is a string.',
  stack: 'MongooseError: The `uri` parameter to `openUri()` must be a string, got "undefined". Make sure the first parameter to `mongoose.connect()` or `mongoose.createConnection()` is a string.\n' +
    '    at _createMongoClient (C:\\Users\\HP\\Desktop\\PosBackend\\node_modules\\mongoose\\lib\\connection.js:805:11)\n' +
    '    at NativeConnection.openUri (C:\\Users\\HP\\Desktop\\PosBackend\\node_modules\\mongoose\\lib\\connection.js:742:29)\n' +
    '    at Mongoose.connect (C:\\Users\\HP\\Desktop\\PosBackend\\node_modules\\mongoose\\lib\\index.js:406:15)\n' +
    '    at C:\\Users\\HP\\Desktop\\PosBackend\\src\\server.ts:14:20\n' +
    '    at Generator.next (<anonymous>)\n' +
    '    at C:\\Users\\HP\\Desktop\\PosBackend\\src\\server.ts:8:71\n' +
    '    at new Promise (<anonymous>)\n' +
    '    at __awaiter (C:\\Users\\HP\\Desktop\\PosBackend\\src\\server.ts:4:12)\n' +
    '    at boostrap (C:\\Users\\HP\\Desktop\\PosBackend\\src\\server.ts:25:12)\n' +
    '    at Object.<anonymous> (C:\\Users\\HP\\Desktop\\PosBackend\\src\\server.ts:38:1)',
  label: 'Ph',
  timestamp: '2023-07-23T15:13:33.516Z'
}
{
  service: 'user-service',
  level: 'error',
  message: 'Failed to connect database The `uri` parameter to `openUri()` must be a string, got "undefined". Make sure the first parameter to `mongoose.connect()` or `mongoose.createConnection()` is a string.',
  stack: 'MongooseError: The `uri` parameter to `openUri()` must be a string, got "undefined". Make sure the first parameter to `mongoose.connect()` or `mongoose.createConnection()` is a string.\n' +
    '    at _createMongoClient (C:\\Users\\HP\\Desktop\\PosBackend\\node_modules\\mongoose\\lib\\connection.js:805:11)\n' +
    '    at NativeConnection.openUri (C:\\Users\\HP\\Desktop\\PosBackend\\node_modules\\mongoose\\lib\\connection.js:742:29)\n' +
    '    at Mongoose.connect (C:\\Users\\HP\\Desktop\\PosBackend\\node_modules\\mongoose\\lib\\index.js:406:15)\n' +
    '    at C:\\Users\\HP\\Desktop\\PosBackend\\src\\server.ts:14:20\n' +
    '    at Generator.next (<anonymous>)\n' +
    '    at C:\\Users\\HP\\Desktop\\PosBackend\\src\\server.ts:8:71\n' +
    '    at new Promise (<anonymous>)\n' +
    '    at __awaiter (C:\\Users\\HP\\Desktop\\PosBackend\\src\\server.ts:4:12)\n' +
    '    at boostrap (C:\\Users\\HP\\Desktop\\PosBackend\\src\\server.ts:25:12)\n' +
    '    at Object.<anonymous> (C:\\Users\\HP\\Desktop\\PosBackend\\src\\server.ts:38:1)',
  label: 'Ph',
  timestamp: '2023-07-23T15:13:36.693Z'
}
{
  service: 'user-service',
  level: 'error',
  message: 'Failed to connect database The `uri` parameter to `openUri()` must be a string, got "undefined". Make sure the first parameter to `mongoose.connect()` or `mongoose.createConnection()` is a string.',
  stack: 'MongooseError: The `uri` parameter to `openUri()` must be a string, got "undefined". Make sure the first parameter to `mongoose.connect()` or `mongoose.createConnection()` is a string.\n' +
    '    at _createMongoClient (C:\\Users\\HP\\Desktop\\PosBackend\\node_modules\\mongoose\\lib\\connection.js:805:11)\n' +
    '    at NativeConnection.openUri (C:\\Users\\HP\\Desktop\\PosBackend\\node_modules\\mongoose\\lib\\connection.js:742:29)\n' +
    '    at Mongoose.connect (C:\\Users\\HP\\Desktop\\PosBackend\\node_modules\\mongoose\\lib\\index.js:406:15)\n' +
    '    at C:\\Users\\HP\\Desktop\\PosBackend\\src\\server.ts:14:20\n' +
    '    at Generator.next (<anonymous>)\n' +
    '    at C:\\Users\\HP\\Desktop\\PosBackend\\src\\server.ts:8:71\n' +
    '    at new Promise (<anonymous>)\n' +
    '    at __awaiter (C:\\Users\\HP\\Desktop\\PosBackend\\src\\server.ts:4:12)\n' +
    '    at boostrap (C:\\Users\\HP\\Desktop\\PosBackend\\src\\server.ts:25:12)\n' +
    '    at Object.<anonymous> (C:\\Users\\HP\\Desktop\\PosBackend\\src\\server.ts:38:1)',
  label: 'Ph',
  timestamp: '2023-07-23T15:13:39.582Z'
}
{
  service: 'user-service',
  level: 'error',
  message: 'Failed to connect database The `uri` parameter to `openUri()` must be a string, got "undefined". Make sure the first parameter to `mongoose.connect()` or `mongoose.createConnection()` is a string.',
  stack: 'MongooseError: The `uri` parameter to `openUri()` must be a string, got "undefined". Make sure the first parameter to `mongoose.connect()` or `mongoose.createConnection()` is a string.\n' +
    '    at _createMongoClient (C:\\Users\\HP\\Desktop\\PosBackend\\node_modules\\mongoose\\lib\\connection.js:805:11)\n' +
    '    at NativeConnection.openUri (C:\\Users\\HP\\Desktop\\PosBackend\\node_modules\\mongoose\\lib\\connection.js:742:29)\n' +
    '    at Mongoose.connect (C:\\Users\\HP\\Desktop\\PosBackend\\node_modules\\mongoose\\lib\\index.js:406:15)\n' +
    '    at C:\\Users\\HP\\Desktop\\PosBackend\\src\\server.ts:14:20\n' +
    '    at Generator.next (<anonymous>)\n' +
    '    at C:\\Users\\HP\\Desktop\\PosBackend\\src\\server.ts:8:71\n' +
    '    at new Promise (<anonymous>)\n' +
    '    at __awaiter (C:\\Users\\HP\\Desktop\\PosBackend\\src\\server.ts:4:12)\n' +
    '    at boostrap (C:\\Users\\HP\\Desktop\\PosBackend\\src\\server.ts:25:12)\n' +
    '    at Object.<anonymous> (C:\\Users\\HP\\Desktop\\PosBackend\\src\\server.ts:38:1)',
  label: 'Ph',
  timestamp: '2023-07-23T15:13:49.788Z'
}
{
  service: 'user-service',
  level: 'error',
  message: 'Failed to connect database The `uri` parameter to `openUri()` must be a string, got "undefined". Make sure the first parameter to `mongoose.connect()` or `mongoose.createConnection()` is a string.',
  stack: 'MongooseError: The `uri` parameter to `openUri()` must be a string, got "undefined". Make sure the first parameter to `mongoose.connect()` or `mongoose.createConnection()` is a string.\n' +
    '    at _createMongoClient (C:\\Users\\HP\\Desktop\\PosBackend\\node_modules\\mongoose\\lib\\connection.js:805:11)\n' +
    '    at NativeConnection.openUri (C:\\Users\\HP\\Desktop\\PosBackend\\node_modules\\mongoose\\lib\\connection.js:742:29)\n' +
    '    at Mongoose.connect (C:\\Users\\HP\\Desktop\\PosBackend\\node_modules\\mongoose\\lib\\index.js:406:15)\n' +
    '    at C:\\Users\\HP\\Desktop\\PosBackend\\src\\server.ts:14:20\n' +
    '    at Generator.next (<anonymous>)\n' +
    '    at C:\\Users\\HP\\Desktop\\PosBackend\\src\\server.ts:8:71\n' +
    '    at new Promise (<anonymous>)\n' +
    '    at __awaiter (C:\\Users\\HP\\Desktop\\PosBackend\\src\\server.ts:4:12)\n' +
    '    at boostrap (C:\\Users\\HP\\Desktop\\PosBackend\\src\\server.ts:25:12)\n' +
    '    at Object.<anonymous> (C:\\Users\\HP\\Desktop\\PosBackend\\src\\server.ts:38:1)',
  label: 'Ph',
  timestamp: '2023-07-23T15:14:03.013Z'
}
{
  service: 'user-service',
  level: 'error',
  message: 'Failed to connect database The `uri` parameter to `openUri()` must be a string, got "undefined". Make sure the first parameter to `mongoose.connect()` or `mongoose.createConnection()` is a string.',
  stack: 'MongooseError: The `uri` parameter to `openUri()` must be a string, got "undefined". Make sure the first parameter to `mongoose.connect()` or `mongoose.createConnection()` is a string.\n' +
    '    at _createMongoClient (C:\\Users\\HP\\Desktop\\PosBackend\\node_modules\\mongoose\\lib\\connection.js:805:11)\n' +
    '    at NativeConnection.openUri (C:\\Users\\HP\\Desktop\\PosBackend\\node_modules\\mongoose\\lib\\connection.js:742:29)\n' +
    '    at Mongoose.connect (C:\\Users\\HP\\Desktop\\PosBackend\\node_modules\\mongoose\\lib\\index.js:406:15)\n' +
    '    at C:\\Users\\HP\\Desktop\\PosBackend\\src\\server.ts:14:20\n' +
    '    at Generator.next (<anonymous>)\n' +
    '    at C:\\Users\\HP\\Desktop\\PosBackend\\src\\server.ts:8:71\n' +
    '    at new Promise (<anonymous>)\n' +
    '    at __awaiter (C:\\Users\\HP\\Desktop\\PosBackend\\src\\server.ts:4:12)\n' +
    '    at boostrap (C:\\Users\\HP\\Desktop\\PosBackend\\src\\server.ts:25:12)\n' +
    '    at Object.<anonymous> (C:\\Users\\HP\\Desktop\\PosBackend\\src\\server.ts:38:1)',
  label: 'Ph',
  timestamp: '2023-07-23T15:14:05.905Z'
}
{
  service: 'user-service',
  level: 'error',
  message: 'Failed to connect database The `uri` parameter to `openUri()` must be a string, got "undefined". Make sure the first parameter to `mongoose.connect()` or `mongoose.createConnection()` is a string.',
  stack: 'MongooseError: The `uri` parameter to `openUri()` must be a string, got "undefined". Make sure the first parameter to `mongoose.connect()` or `mongoose.createConnection()` is a string.\n' +
    '    at _createMongoClient (C:\\Users\\HP\\Desktop\\PosBackend\\node_modules\\mongoose\\lib\\connection.js:805:11)\n' +
    '    at NativeConnection.openUri (C:\\Users\\HP\\Desktop\\PosBackend\\node_modules\\mongoose\\lib\\connection.js:742:29)\n' +
    '    at Mongoose.connect (C:\\Users\\HP\\Desktop\\PosBackend\\node_modules\\mongoose\\lib\\index.js:406:15)\n' +
    '    at C:\\Users\\HP\\Desktop\\PosBackend\\src\\server.ts:14:20\n' +
    '    at Generator.next (<anonymous>)\n' +
    '    at C:\\Users\\HP\\Desktop\\PosBackend\\src\\server.ts:8:71\n' +
    '    at new Promise (<anonymous>)\n' +
    '    at __awaiter (C:\\Users\\HP\\Desktop\\PosBackend\\src\\server.ts:4:12)\n' +
    '    at boostrap (C:\\Users\\HP\\Desktop\\PosBackend\\src\\server.ts:25:12)\n' +
    '    at Object.<anonymous> (C:\\Users\\HP\\Desktop\\PosBackend\\src\\server.ts:38:1)',
  label: 'Ph',
  timestamp: '2023-07-23T15:14:09.041Z'
}
{
  service: 'user-service',
  level: 'error',
  message: 'Failed to connect database The `uri` parameter to `openUri()` must be a string, got "undefined". Make sure the first parameter to `mongoose.connect()` or `mongoose.createConnection()` is a string.',
  stack: 'MongooseError: The `uri` parameter to `openUri()` must be a string, got "undefined". Make sure the first parameter to `mongoose.connect()` or `mongoose.createConnection()` is a string.\n' +
    '    at _createMongoClient (C:\\Users\\HP\\Desktop\\PosBackend\\node_modules\\mongoose\\lib\\connection.js:805:11)\n' +
    '    at NativeConnection.openUri (C:\\Users\\HP\\Desktop\\PosBackend\\node_modules\\mongoose\\lib\\connection.js:742:29)\n' +
    '    at Mongoose.connect (C:\\Users\\HP\\Desktop\\PosBackend\\node_modules\\mongoose\\lib\\index.js:406:15)\n' +
    '    at C:\\Users\\HP\\Desktop\\PosBackend\\src\\server.ts:14:20\n' +
    '    at Generator.next (<anonymous>)\n' +
    '    at C:\\Users\\HP\\Desktop\\PosBackend\\src\\server.ts:8:71\n' +
    '    at new Promise (<anonymous>)\n' +
    '    at __awaiter (C:\\Users\\HP\\Desktop\\PosBackend\\src\\server.ts:4:12)\n' +
    '    at boostrap (C:\\Users\\HP\\Desktop\\PosBackend\\src\\server.ts:25:12)\n' +
    '    at Object.<anonymous> (C:\\Users\\HP\\Desktop\\PosBackend\\src\\server.ts:38:1)',
  label: 'Ph',
  timestamp: '2023-07-23T15:14:12.730Z'
}
{
  service: 'user-service',
  level: 'error',
  message: 'Failed to connect database The `uri` parameter to `openUri()` must be a string, got "undefined". Make sure the first parameter to `mongoose.connect()` or `mongoose.createConnection()` is a string.',
  stack: 'MongooseError: The `uri` parameter to `openUri()` must be a string, got "undefined". Make sure the first parameter to `mongoose.connect()` or `mongoose.createConnection()` is a string.\n' +
    '    at _createMongoClient (C:\\Users\\HP\\Desktop\\PosBackend\\node_modules\\mongoose\\lib\\connection.js:805:11)\n' +
    '    at NativeConnection.openUri (C:\\Users\\HP\\Desktop\\PosBackend\\node_modules\\mongoose\\lib\\connection.js:742:29)\n' +
    '    at Mongoose.connect (C:\\Users\\HP\\Desktop\\PosBackend\\node_modules\\mongoose\\lib\\index.js:406:15)\n' +
    '    at C:\\Users\\HP\\Desktop\\PosBackend\\src\\server.ts:14:20\n' +
    '    at Generator.next (<anonymous>)\n' +
    '    at C:\\Users\\HP\\Desktop\\PosBackend\\src\\server.ts:8:71\n' +
    '    at new Promise (<anonymous>)\n' +
    '    at __awaiter (C:\\Users\\HP\\Desktop\\PosBackend\\src\\server.ts:4:12)\n' +
    '    at boostrap (C:\\Users\\HP\\Desktop\\PosBackend\\src\\server.ts:25:12)\n' +
    '    at Object.<anonymous> (C:\\Users\\HP\\Desktop\\PosBackend\\src\\server.ts:38:1)',
  label: 'Ph',
  timestamp: '2023-07-23T15:14:14.533Z'
}
{
  service: 'user-service',
  level: 'error',
  message: 'Failed to connect database The `uri` parameter to `openUri()` must be a string, got "undefined". Make sure the first parameter to `mongoose.connect()` or `mongoose.createConnection()` is a string.',
  stack: 'MongooseError: The `uri` parameter to `openUri()` must be a string, got "undefined". Make sure the first parameter to `mongoose.connect()` or `mongoose.createConnection()` is a string.\n' +
    '    at _createMongoClient (C:\\Users\\HP\\Desktop\\PosBackend\\node_modules\\mongoose\\lib\\connection.js:805:11)\n' +
    '    at NativeConnection.openUri (C:\\Users\\HP\\Desktop\\PosBackend\\node_modules\\mongoose\\lib\\connection.js:742:29)\n' +
    '    at Mongoose.connect (C:\\Users\\HP\\Desktop\\PosBackend\\node_modules\\mongoose\\lib\\index.js:406:15)\n' +
    '    at C:\\Users\\HP\\Desktop\\PosBackend\\src\\server.ts:14:20\n' +
    '    at Generator.next (<anonymous>)\n' +
    '    at C:\\Users\\HP\\Desktop\\PosBackend\\src\\server.ts:8:71\n' +
    '    at new Promise (<anonymous>)\n' +
    '    at __awaiter (C:\\Users\\HP\\Desktop\\PosBackend\\src\\server.ts:4:12)\n' +
    '    at boostrap (C:\\Users\\HP\\Desktop\\PosBackend\\src\\server.ts:25:12)\n' +
    '    at Object.<anonymous> (C:\\Users\\HP\\Desktop\\PosBackend\\src\\server.ts:38:1)',
  label: 'Ph',
  timestamp: '2023-07-23T15:14:17.513Z'
}
{
  service: 'user-service',
  level: 'error',
  message: 'Failed to connect database The `uri` parameter to `openUri()` must be a string, got "undefined". Make sure the first parameter to `mongoose.connect()` or `mongoose.createConnection()` is a string.',
  stack: 'MongooseError: The `uri` parameter to `openUri()` must be a string, got "undefined". Make sure the first parameter to `mongoose.connect()` or `mongoose.createConnection()` is a string.\n' +
    '    at _createMongoClient (C:\\Users\\HP\\Desktop\\PosBackend\\node_modules\\mongoose\\lib\\connection.js:805:11)\n' +
    '    at NativeConnection.openUri (C:\\Users\\HP\\Desktop\\PosBackend\\node_modules\\mongoose\\lib\\connection.js:742:29)\n' +
    '    at Mongoose.connect (C:\\Users\\HP\\Desktop\\PosBackend\\node_modules\\mongoose\\lib\\index.js:406:15)\n' +
    '    at C:\\Users\\HP\\Desktop\\PosBackend\\src\\server.ts:14:20\n' +
    '    at Generator.next (<anonymous>)\n' +
    '    at C:\\Users\\HP\\Desktop\\PosBackend\\src\\server.ts:8:71\n' +
    '    at new Promise (<anonymous>)\n' +
    '    at __awaiter (C:\\Users\\HP\\Desktop\\PosBackend\\src\\server.ts:4:12)\n' +
    '    at boostrap (C:\\Users\\HP\\Desktop\\PosBackend\\src\\server.ts:25:12)\n' +
    '    at Object.<anonymous> (C:\\Users\\HP\\Desktop\\PosBackend\\src\\server.ts:38:1)',
  label: 'Ph',
  timestamp: '2023-07-23T15:14:28.081Z'
}
{
  service: 'user-service',
  level: 'error',
  message: 'Failed to connect database The `uri` parameter to `openUri()` must be a string, got "undefined". Make sure the first parameter to `mongoose.connect()` or `mongoose.createConnection()` is a string.',
  stack: 'MongooseError: The `uri` parameter to `openUri()` must be a string, got "undefined". Make sure the first parameter to `mongoose.connect()` or `mongoose.createConnection()` is a string.\n' +
    '    at _createMongoClient (C:\\Users\\HP\\Desktop\\PosBackend\\node_modules\\mongoose\\lib\\connection.js:805:11)\n' +
    '    at NativeConnection.openUri (C:\\Users\\HP\\Desktop\\PosBackend\\node_modules\\mongoose\\lib\\connection.js:742:29)\n' +
    '    at Mongoose.connect (C:\\Users\\HP\\Desktop\\PosBackend\\node_modules\\mongoose\\lib\\index.js:406:15)\n' +
    '    at C:\\Users\\HP\\Desktop\\PosBackend\\src\\server.ts:14:20\n' +
    '    at Generator.next (<anonymous>)\n' +
    '    at C:\\Users\\HP\\Desktop\\PosBackend\\src\\server.ts:8:71\n' +
    '    at new Promise (<anonymous>)\n' +
    '    at __awaiter (C:\\Users\\HP\\Desktop\\PosBackend\\src\\server.ts:4:12)\n' +
    '    at boostrap (C:\\Users\\HP\\Desktop\\PosBackend\\src\\server.ts:25:12)\n' +
    '    at Object.<anonymous> (C:\\Users\\HP\\Desktop\\PosBackend\\src\\server.ts:38:1)',
  label: 'Ph',
  timestamp: '2023-07-23T15:14:29.599Z'
}
{
  service: 'user-service',
  level: 'error',
  message: 'Failed to connect database The `uri` parameter to `openUri()` must be a string, got "undefined". Make sure the first parameter to `mongoose.connect()` or `mongoose.createConnection()` is a string.',
  stack: 'MongooseError: The `uri` parameter to `openUri()` must be a string, got "undefined". Make sure the first parameter to `mongoose.connect()` or `mongoose.createConnection()` is a string.\n' +
    '    at _createMongoClient (C:\\Users\\HP\\Desktop\\PosBackend\\node_modules\\mongoose\\lib\\connection.js:805:11)\n' +
    '    at NativeConnection.openUri (C:\\Users\\HP\\Desktop\\PosBackend\\node_modules\\mongoose\\lib\\connection.js:742:29)\n' +
    '    at Mongoose.connect (C:\\Users\\HP\\Desktop\\PosBackend\\node_modules\\mongoose\\lib\\index.js:406:15)\n' +
    '    at C:\\Users\\HP\\Desktop\\PosBackend\\src\\server.ts:14:20\n' +
    '    at Generator.next (<anonymous>)\n' +
    '    at C:\\Users\\HP\\Desktop\\PosBackend\\src\\server.ts:8:71\n' +
    '    at new Promise (<anonymous>)\n' +
    '    at __awaiter (C:\\Users\\HP\\Desktop\\PosBackend\\src\\server.ts:4:12)\n' +
    '    at boostrap (C:\\Users\\HP\\Desktop\\PosBackend\\src\\server.ts:25:12)\n' +
    '    at Object.<anonymous> (C:\\Users\\HP\\Desktop\\PosBackend\\src\\server.ts:38:1)',
  label: 'Ph',
  timestamp: '2023-07-23T15:14:45.157Z'
}
{
  service: 'user-service',
  level: 'error',
  message: 'Failed to connect database The `uri` parameter to `openUri()` must be a string, got "undefined". Make sure the first parameter to `mongoose.connect()` or `mongoose.createConnection()` is a string.',
  stack: 'MongooseError: The `uri` parameter to `openUri()` must be a string, got "undefined". Make sure the first parameter to `mongoose.connect()` or `mongoose.createConnection()` is a string.\n' +
    '    at _createMongoClient (C:\\Users\\HP\\Desktop\\PosBackend\\node_modules\\mongoose\\lib\\connection.js:805:11)\n' +
    '    at NativeConnection.openUri (C:\\Users\\HP\\Desktop\\PosBackend\\node_modules\\mongoose\\lib\\connection.js:742:29)\n' +
    '    at Mongoose.connect (C:\\Users\\HP\\Desktop\\PosBackend\\node_modules\\mongoose\\lib\\index.js:406:15)\n' +
    '    at C:\\Users\\HP\\Desktop\\PosBackend\\src\\server.ts:14:20\n' +
    '    at Generator.next (<anonymous>)\n' +
    '    at C:\\Users\\HP\\Desktop\\PosBackend\\src\\server.ts:8:71\n' +
    '    at new Promise (<anonymous>)\n' +
    '    at __awaiter (C:\\Users\\HP\\Desktop\\PosBackend\\src\\server.ts:4:12)\n' +
    '    at boostrap (C:\\Users\\HP\\Desktop\\PosBackend\\src\\server.ts:25:12)\n' +
    '    at Object.<anonymous> (C:\\Users\\HP\\Desktop\\PosBackend\\src\\server.ts:38:1)',
  label: 'Ph',
  timestamp: '2023-07-23T15:14:55.659Z'
}
{
  service: 'user-service',
  level: 'error',
  message: 'Failed to connect database The `uri` parameter to `openUri()` must be a string, got "undefined". Make sure the first parameter to `mongoose.connect()` or `mongoose.createConnection()` is a string.',
  stack: 'MongooseError: The `uri` parameter to `openUri()` must be a string, got "undefined". Make sure the first parameter to `mongoose.connect()` or `mongoose.createConnection()` is a string.\n' +
    '    at _createMongoClient (C:\\Users\\HP\\Desktop\\PosBackend\\node_modules\\mongoose\\lib\\connection.js:805:11)\n' +
    '    at NativeConnection.openUri (C:\\Users\\HP\\Desktop\\PosBackend\\node_modules\\mongoose\\lib\\connection.js:742:29)\n' +
    '    at Mongoose.connect (C:\\Users\\HP\\Desktop\\PosBackend\\node_modules\\mongoose\\lib\\index.js:406:15)\n' +
    '    at C:\\Users\\HP\\Desktop\\PosBackend\\src\\server.ts:14:20\n' +
    '    at Generator.next (<anonymous>)\n' +
    '    at C:\\Users\\HP\\Desktop\\PosBackend\\src\\server.ts:8:71\n' +
    '    at new Promise (<anonymous>)\n' +
    '    at __awaiter (C:\\Users\\HP\\Desktop\\PosBackend\\src\\server.ts:4:12)\n' +
    '    at boostrap (C:\\Users\\HP\\Desktop\\PosBackend\\src\\server.ts:25:12)\n' +
    '    at Object.<anonymous> (C:\\Users\\HP\\Desktop\\PosBackend\\src\\server.ts:38:1)',
  label: 'Ph',
  timestamp: '2023-07-23T15:14:58.320Z'
}
{
  service: 'user-service',
  level: 'error',
  message: 'Failed to connect database The `uri` parameter to `openUri()` must be a string, got "undefined". Make sure the first parameter to `mongoose.connect()` or `mongoose.createConnection()` is a string.',
  stack: 'MongooseError: The `uri` parameter to `openUri()` must be a string, got "undefined". Make sure the first parameter to `mongoose.connect()` or `mongoose.createConnection()` is a string.\n' +
    '    at _createMongoClient (C:\\Users\\HP\\Desktop\\PosBackend\\node_modules\\mongoose\\lib\\connection.js:805:11)\n' +
    '    at NativeConnection.openUri (C:\\Users\\HP\\Desktop\\PosBackend\\node_modules\\mongoose\\lib\\connection.js:742:29)\n' +
    '    at Mongoose.connect (C:\\Users\\HP\\Desktop\\PosBackend\\node_modules\\mongoose\\lib\\index.js:406:15)\n' +
    '    at C:\\Users\\HP\\Desktop\\PosBackend\\src\\server.ts:14:20\n' +
    '    at Generator.next (<anonymous>)\n' +
    '    at C:\\Users\\HP\\Desktop\\PosBackend\\src\\server.ts:8:71\n' +
    '    at new Promise (<anonymous>)\n' +
    '    at __awaiter (C:\\Users\\HP\\Desktop\\PosBackend\\src\\server.ts:4:12)\n' +
    '    at boostrap (C:\\Users\\HP\\Desktop\\PosBackend\\src\\server.ts:25:12)\n' +
    '    at Object.<anonymous> (C:\\Users\\HP\\Desktop\\PosBackend\\src\\server.ts:38:1)',
  label: 'Ph',
  timestamp: '2023-07-23T15:15:24.381Z'
}
{
  service: 'user-service',
  level: 'error',
  message: 'Failed to connect database The `uri` parameter to `openUri()` must be a string, got "undefined". Make sure the first parameter to `mongoose.connect()` or `mongoose.createConnection()` is a string.',
  stack: 'MongooseError: The `uri` parameter to `openUri()` must be a string, got "undefined". Make sure the first parameter to `mongoose.connect()` or `mongoose.createConnection()` is a string.\n' +
    '    at _createMongoClient (C:\\Users\\HP\\Desktop\\PosBackend\\node_modules\\mongoose\\lib\\connection.js:805:11)\n' +
    '    at NativeConnection.openUri (C:\\Users\\HP\\Desktop\\PosBackend\\node_modules\\mongoose\\lib\\connection.js:742:29)\n' +
    '    at Mongoose.connect (C:\\Users\\HP\\Desktop\\PosBackend\\node_modules\\mongoose\\lib\\index.js:406:15)\n' +
    '    at C:\\Users\\HP\\Desktop\\PosBackend\\src\\server.ts:14:20\n' +
    '    at Generator.next (<anonymous>)\n' +
    '    at C:\\Users\\HP\\Desktop\\PosBackend\\src\\server.ts:8:71\n' +
    '    at new Promise (<anonymous>)\n' +
    '    at __awaiter (C:\\Users\\HP\\Desktop\\PosBackend\\src\\server.ts:4:12)\n' +
    '    at boostrap (C:\\Users\\HP\\Desktop\\PosBackend\\src\\server.ts:25:12)\n' +
    '    at Object.<anonymous> (C:\\Users\\HP\\Desktop\\PosBackend\\src\\server.ts:38:1)',
  label: 'Ph',
  timestamp: '2023-07-23T15:17:15.577Z'
}
{
  service: 'user-service',
  level: 'error',
  message: 'Failed to connect database The `uri` parameter to `openUri()` must be a string, got "undefined". Make sure the first parameter to `mongoose.connect()` or `mongoose.createConnection()` is a string.',
  stack: 'MongooseError: The `uri` parameter to `openUri()` must be a string, got "undefined". Make sure the first parameter to `mongoose.connect()` or `mongoose.createConnection()` is a string.\n' +
    '    at _createMongoClient (C:\\Users\\HP\\Desktop\\PosBackend\\node_modules\\mongoose\\lib\\connection.js:805:11)\n' +
    '    at NativeConnection.openUri (C:\\Users\\HP\\Desktop\\PosBackend\\node_modules\\mongoose\\lib\\connection.js:742:29)\n' +
    '    at Mongoose.connect (C:\\Users\\HP\\Desktop\\PosBackend\\node_modules\\mongoose\\lib\\index.js:406:15)\n' +
    '    at C:\\Users\\HP\\Desktop\\PosBackend\\src\\server.ts:14:20\n' +
    '    at Generator.next (<anonymous>)\n' +
    '    at C:\\Users\\HP\\Desktop\\PosBackend\\src\\server.ts:8:71\n' +
    '    at new Promise (<anonymous>)\n' +
    '    at __awaiter (C:\\Users\\HP\\Desktop\\PosBackend\\src\\server.ts:4:12)\n' +
    '    at boostrap (C:\\Users\\HP\\Desktop\\PosBackend\\src\\server.ts:25:12)\n' +
    '    at Object.<anonymous> (C:\\Users\\HP\\Desktop\\PosBackend\\src\\server.ts:38:1)',
  label: 'Ph',
  timestamp: '2023-07-23T15:17:18.333Z'
}
{
  service: 'user-service',
  level: 'error',
  message: 'Failed to connect database The `uri` parameter to `openUri()` must be a string, got "undefined". Make sure the first parameter to `mongoose.connect()` or `mongoose.createConnection()` is a string.',
  stack: 'MongooseError: The `uri` parameter to `openUri()` must be a string, got "undefined". Make sure the first parameter to `mongoose.connect()` or `mongoose.createConnection()` is a string.\n' +
    '    at _createMongoClient (C:\\Users\\HP\\Desktop\\PosBackend\\node_modules\\mongoose\\lib\\connection.js:805:11)\n' +
    '    at NativeConnection.openUri (C:\\Users\\HP\\Desktop\\PosBackend\\node_modules\\mongoose\\lib\\connection.js:742:29)\n' +
    '    at Mongoose.connect (C:\\Users\\HP\\Desktop\\PosBackend\\node_modules\\mongoose\\lib\\index.js:406:15)\n' +
    '    at C:\\Users\\HP\\Desktop\\PosBackend\\src\\server.ts:14:20\n' +
    '    at Generator.next (<anonymous>)\n' +
    '    at C:\\Users\\HP\\Desktop\\PosBackend\\src\\server.ts:8:71\n' +
    '    at new Promise (<anonymous>)\n' +
    '    at __awaiter (C:\\Users\\HP\\Desktop\\PosBackend\\src\\server.ts:4:12)\n' +
    '    at boostrap (C:\\Users\\HP\\Desktop\\PosBackend\\src\\server.ts:25:12)\n' +
    '    at Object.<anonymous> (C:\\Users\\HP\\Desktop\\PosBackend\\src\\server.ts:38:1)',
  label: 'Ph',
  timestamp: '2023-07-23T15:17:20.083Z'
}
{
  service: 'user-service',
  level: 'error',
  message: 'Failed to connect database The `uri` parameter to `openUri()` must be a string, got "undefined". Make sure the first parameter to `mongoose.connect()` or `mongoose.createConnection()` is a string.',
  stack: 'MongooseError: The `uri` parameter to `openUri()` must be a string, got "undefined". Make sure the first parameter to `mongoose.connect()` or `mongoose.createConnection()` is a string.\n' +
    '    at _createMongoClient (C:\\Users\\HP\\Desktop\\PosBackend\\node_modules\\mongoose\\lib\\connection.js:805:11)\n' +
    '    at NativeConnection.openUri (C:\\Users\\HP\\Desktop\\PosBackend\\node_modules\\mongoose\\lib\\connection.js:742:29)\n' +
    '    at Mongoose.connect (C:\\Users\\HP\\Desktop\\PosBackend\\node_modules\\mongoose\\lib\\index.js:406:15)\n' +
    '    at C:\\Users\\HP\\Desktop\\PosBackend\\src\\server.ts:14:20\n' +
    '    at Generator.next (<anonymous>)\n' +
    '    at C:\\Users\\HP\\Desktop\\PosBackend\\src\\server.ts:8:71\n' +
    '    at new Promise (<anonymous>)\n' +
    '    at __awaiter (C:\\Users\\HP\\Desktop\\PosBackend\\src\\server.ts:4:12)\n' +
    '    at boostrap (C:\\Users\\HP\\Desktop\\PosBackend\\src\\server.ts:25:12)\n' +
    '    at Object.<anonymous> (C:\\Users\\HP\\Desktop\\PosBackend\\src\\server.ts:38:1)',
  label: 'Ph',
  timestamp: '2023-07-23T15:17:27.999Z'
}
{
  service: 'user-service',
  level: 'error',
  message: 'Failed to connect database The `uri` parameter to `openUri()` must be a string, got "undefined". Make sure the first parameter to `mongoose.connect()` or `mongoose.createConnection()` is a string.',
  stack: 'MongooseError: The `uri` parameter to `openUri()` must be a string, got "undefined". Make sure the first parameter to `mongoose.connect()` or `mongoose.createConnection()` is a string.\n' +
    '    at _createMongoClient (C:\\Users\\HP\\Desktop\\PosBackend\\node_modules\\mongoose\\lib\\connection.js:805:11)\n' +
    '    at NativeConnection.openUri (C:\\Users\\HP\\Desktop\\PosBackend\\node_modules\\mongoose\\lib\\connection.js:742:29)\n' +
    '    at Mongoose.connect (C:\\Users\\HP\\Desktop\\PosBackend\\node_modules\\mongoose\\lib\\index.js:406:15)\n' +
    '    at C:\\Users\\HP\\Desktop\\PosBackend\\src\\server.ts:14:20\n' +
    '    at Generator.next (<anonymous>)\n' +
    '    at C:\\Users\\HP\\Desktop\\PosBackend\\src\\server.ts:8:71\n' +
    '    at new Promise (<anonymous>)\n' +
    '    at __awaiter (C:\\Users\\HP\\Desktop\\PosBackend\\src\\server.ts:4:12)\n' +
    '    at boostrap (C:\\Users\\HP\\Desktop\\PosBackend\\src\\server.ts:25:12)\n' +
    '    at Object.<anonymous> (C:\\Users\\HP\\Desktop\\PosBackend\\src\\server.ts:38:1)',
  label: 'Ph',
  timestamp: '2023-07-23T15:17:50.594Z'
}
{
  service: 'user-service',
  level: 'error',
  message: 'Failed to connect database The `uri` parameter to `openUri()` must be a string, got "undefined". Make sure the first parameter to `mongoose.connect()` or `mongoose.createConnection()` is a string.',
  stack: 'MongooseError: The `uri` parameter to `openUri()` must be a string, got "undefined". Make sure the first parameter to `mongoose.connect()` or `mongoose.createConnection()` is a string.\n' +
    '    at _createMongoClient (C:\\Users\\HP\\Desktop\\PosBackend\\node_modules\\mongoose\\lib\\connection.js:805:11)\n' +
    '    at NativeConnection.openUri (C:\\Users\\HP\\Desktop\\PosBackend\\node_modules\\mongoose\\lib\\connection.js:742:29)\n' +
    '    at Mongoose.connect (C:\\Users\\HP\\Desktop\\PosBackend\\node_modules\\mongoose\\lib\\index.js:406:15)\n' +
    '    at C:\\Users\\HP\\Desktop\\PosBackend\\src\\server.ts:14:20\n' +
    '    at Generator.next (<anonymous>)\n' +
    '    at C:\\Users\\HP\\Desktop\\PosBackend\\src\\server.ts:8:71\n' +
    '    at new Promise (<anonymous>)\n' +
    '    at __awaiter (C:\\Users\\HP\\Desktop\\PosBackend\\src\\server.ts:4:12)\n' +
    '    at boostrap (C:\\Users\\HP\\Desktop\\PosBackend\\src\\server.ts:25:12)\n' +
    '    at Object.<anonymous> (C:\\Users\\HP\\Desktop\\PosBackend\\src\\server.ts:38:1)',
  label: 'Ph',
  timestamp: '2023-07-23T15:17:55.432Z'
}
{
  service: 'user-service',
  level: 'error',
  message: 'Failed to connect database The `uri` parameter to `openUri()` must be a string, got "undefined". Make sure the first parameter to `mongoose.connect()` or `mongoose.createConnection()` is a string.',
  stack: 'MongooseError: The `uri` parameter to `openUri()` must be a string, got "undefined". Make sure the first parameter to `mongoose.connect()` or `mongoose.createConnection()` is a string.\n' +
    '    at _createMongoClient (C:\\Users\\HP\\Desktop\\PosBackend\\node_modules\\mongoose\\lib\\connection.js:805:11)\n' +
    '    at NativeConnection.openUri (C:\\Users\\HP\\Desktop\\PosBackend\\node_modules\\mongoose\\lib\\connection.js:742:29)\n' +
    '    at Mongoose.connect (C:\\Users\\HP\\Desktop\\PosBackend\\node_modules\\mongoose\\lib\\index.js:406:15)\n' +
    '    at C:\\Users\\HP\\Desktop\\PosBackend\\src\\server.ts:14:20\n' +
    '    at Generator.next (<anonymous>)\n' +
    '    at C:\\Users\\HP\\Desktop\\PosBackend\\src\\server.ts:8:71\n' +
    '    at new Promise (<anonymous>)\n' +
    '    at __awaiter (C:\\Users\\HP\\Desktop\\PosBackend\\src\\server.ts:4:12)\n' +
    '    at boostrap (C:\\Users\\HP\\Desktop\\PosBackend\\src\\server.ts:25:12)\n' +
    '    at Object.<anonymous> (C:\\Users\\HP\\Desktop\\PosBackend\\src\\server.ts:38:1)',
  label: 'Ph',
  timestamp: '2023-07-23T15:18:27.554Z'
}
{
  service: 'user-service',
  level: 'error',
  message: 'Failed to connect database The `uri` parameter to `openUri()` must be a string, got "undefined". Make sure the first parameter to `mongoose.connect()` or `mongoose.createConnection()` is a string.',
  stack: 'MongooseError: The `uri` parameter to `openUri()` must be a string, got "undefined". Make sure the first parameter to `mongoose.connect()` or `mongoose.createConnection()` is a string.\n' +
    '    at _createMongoClient (C:\\Users\\HP\\Desktop\\PosBackend\\node_modules\\mongoose\\lib\\connection.js:805:11)\n' +
    '    at NativeConnection.openUri (C:\\Users\\HP\\Desktop\\PosBackend\\node_modules\\mongoose\\lib\\connection.js:742:29)\n' +
    '    at Mongoose.connect (C:\\Users\\HP\\Desktop\\PosBackend\\node_modules\\mongoose\\lib\\index.js:406:15)\n' +
    '    at C:\\Users\\HP\\Desktop\\PosBackend\\src\\server.ts:14:20\n' +
    '    at Generator.next (<anonymous>)\n' +
    '    at C:\\Users\\HP\\Desktop\\PosBackend\\src\\server.ts:8:71\n' +
    '    at new Promise (<anonymous>)\n' +
    '    at __awaiter (C:\\Users\\HP\\Desktop\\PosBackend\\src\\server.ts:4:12)\n' +
    '    at boostrap (C:\\Users\\HP\\Desktop\\PosBackend\\src\\server.ts:25:12)\n' +
    '    at Object.<anonymous> (C:\\Users\\HP\\Desktop\\PosBackend\\src\\server.ts:38:1)',
  label: 'Ph',
  timestamp: '2023-07-23T15:20:01.226Z'
}
{
  service: 'user-service',
  level: 'error',
  message: 'Failed to connect database The `uri` parameter to `openUri()` must be a string, got "undefined". Make sure the first parameter to `mongoose.connect()` or `mongoose.createConnection()` is a string.',
  stack: 'MongooseError: The `uri` parameter to `openUri()` must be a string, got "undefined". Make sure the first parameter to `mongoose.connect()` or `mongoose.createConnection()` is a string.\n' +
    '    at _createMongoClient (C:\\Users\\HP\\Desktop\\PosBackend\\node_modules\\mongoose\\lib\\connection.js:805:11)\n' +
    '    at NativeConnection.openUri (C:\\Users\\HP\\Desktop\\PosBackend\\node_modules\\mongoose\\lib\\connection.js:742:29)\n' +
    '    at Mongoose.connect (C:\\Users\\HP\\Desktop\\PosBackend\\node_modules\\mongoose\\lib\\index.js:406:15)\n' +
    '    at C:\\Users\\HP\\Desktop\\PosBackend\\src\\server.ts:14:20\n' +
    '    at Generator.next (<anonymous>)\n' +
    '    at C:\\Users\\HP\\Desktop\\PosBackend\\src\\server.ts:8:71\n' +
    '    at new Promise (<anonymous>)\n' +
    '    at __awaiter (C:\\Users\\HP\\Desktop\\PosBackend\\src\\server.ts:4:12)\n' +
    '    at boostrap (C:\\Users\\HP\\Desktop\\PosBackend\\src\\server.ts:25:12)\n' +
    '    at Object.<anonymous> (C:\\Users\\HP\\Desktop\\PosBackend\\src\\server.ts:38:1)',
  label: 'Ph',
  timestamp: '2023-07-23T15:20:13.107Z'
}
{
  service: 'user-service',
  level: 'error',
  message: 'Failed to connect database The `uri` parameter to `openUri()` must be a string, got "undefined". Make sure the first parameter to `mongoose.connect()` or `mongoose.createConnection()` is a string.',
  stack: 'MongooseError: The `uri` parameter to `openUri()` must be a string, got "undefined". Make sure the first parameter to `mongoose.connect()` or `mongoose.createConnection()` is a string.\n' +
    '    at _createMongoClient (C:\\Users\\HP\\Desktop\\PosBackend\\node_modules\\mongoose\\lib\\connection.js:805:11)\n' +
    '    at NativeConnection.openUri (C:\\Users\\HP\\Desktop\\PosBackend\\node_modules\\mongoose\\lib\\connection.js:742:29)\n' +
    '    at Mongoose.connect (C:\\Users\\HP\\Desktop\\PosBackend\\node_modules\\mongoose\\lib\\index.js:406:15)\n' +
    '    at C:\\Users\\HP\\Desktop\\PosBackend\\src\\server.ts:14:20\n' +
    '    at Generator.next (<anonymous>)\n' +
    '    at C:\\Users\\HP\\Desktop\\PosBackend\\src\\server.ts:8:71\n' +
    '    at new Promise (<anonymous>)\n' +
    '    at __awaiter (C:\\Users\\HP\\Desktop\\PosBackend\\src\\server.ts:4:12)\n' +
    '    at boostrap (C:\\Users\\HP\\Desktop\\PosBackend\\src\\server.ts:25:12)\n' +
    '    at Object.<anonymous> (C:\\Users\\HP\\Desktop\\PosBackend\\src\\server.ts:38:1)',
  label: 'Ph',
  timestamp: '2023-07-23T15:20:16.422Z'
}
{
  service: 'user-service',
  level: 'error',
  message: 'Failed to connect database The `uri` parameter to `openUri()` must be a string, got "undefined". Make sure the first parameter to `mongoose.connect()` or `mongoose.createConnection()` is a string.',
  stack: 'MongooseError: The `uri` parameter to `openUri()` must be a string, got "undefined". Make sure the first parameter to `mongoose.connect()` or `mongoose.createConnection()` is a string.\n' +
    '    at _createMongoClient (C:\\Users\\HP\\Desktop\\PosBackend\\node_modules\\mongoose\\lib\\connection.js:805:11)\n' +
    '    at NativeConnection.openUri (C:\\Users\\HP\\Desktop\\PosBackend\\node_modules\\mongoose\\lib\\connection.js:742:29)\n' +
    '    at Mongoose.connect (C:\\Users\\HP\\Desktop\\PosBackend\\node_modules\\mongoose\\lib\\index.js:406:15)\n' +
    '    at C:\\Users\\HP\\Desktop\\PosBackend\\src\\server.ts:14:20\n' +
    '    at Generator.next (<anonymous>)\n' +
    '    at C:\\Users\\HP\\Desktop\\PosBackend\\src\\server.ts:8:71\n' +
    '    at new Promise (<anonymous>)\n' +
    '    at __awaiter (C:\\Users\\HP\\Desktop\\PosBackend\\src\\server.ts:4:12)\n' +
    '    at boostrap (C:\\Users\\HP\\Desktop\\PosBackend\\src\\server.ts:25:12)\n' +
    '    at Object.<anonymous> (C:\\Users\\HP\\Desktop\\PosBackend\\src\\server.ts:38:1)',
  label: 'Ph',
  timestamp: '2023-07-23T15:20:27.358Z'
}
{
  service: 'user-service',
  level: 'error',
  message: 'Failed to connect database The `uri` parameter to `openUri()` must be a string, got "undefined". Make sure the first parameter to `mongoose.connect()` or `mongoose.createConnection()` is a string.',
  stack: 'MongooseError: The `uri` parameter to `openUri()` must be a string, got "undefined". Make sure the first parameter to `mongoose.connect()` or `mongoose.createConnection()` is a string.\n' +
    '    at _createMongoClient (C:\\Users\\HP\\Desktop\\PosBackend\\node_modules\\mongoose\\lib\\connection.js:805:11)\n' +
    '    at NativeConnection.openUri (C:\\Users\\HP\\Desktop\\PosBackend\\node_modules\\mongoose\\lib\\connection.js:742:29)\n' +
    '    at Mongoose.connect (C:\\Users\\HP\\Desktop\\PosBackend\\node_modules\\mongoose\\lib\\index.js:406:15)\n' +
    '    at C:\\Users\\HP\\Desktop\\PosBackend\\src\\server.ts:14:20\n' +
    '    at Generator.next (<anonymous>)\n' +
    '    at C:\\Users\\HP\\Desktop\\PosBackend\\src\\server.ts:8:71\n' +
    '    at new Promise (<anonymous>)\n' +
    '    at __awaiter (C:\\Users\\HP\\Desktop\\PosBackend\\src\\server.ts:4:12)\n' +
    '    at boostrap (C:\\Users\\HP\\Desktop\\PosBackend\\src\\server.ts:25:12)\n' +
    '    at Object.<anonymous> (C:\\Users\\HP\\Desktop\\PosBackend\\src\\server.ts:38:1)',
  label: 'Ph',
  timestamp: '2023-07-23T15:20:31.626Z'
}
{
  service: 'user-service',
  level: 'error',
  message: 'Failed to connect database The `uri` parameter to `openUri()` must be a string, got "undefined". Make sure the first parameter to `mongoose.connect()` or `mongoose.createConnection()` is a string.',
  stack: 'MongooseError: The `uri` parameter to `openUri()` must be a string, got "undefined". Make sure the first parameter to `mongoose.connect()` or `mongoose.createConnection()` is a string.\n' +
    '    at _createMongoClient (C:\\Users\\HP\\Desktop\\PosBackend\\node_modules\\mongoose\\lib\\connection.js:805:11)\n' +
    '    at NativeConnection.openUri (C:\\Users\\HP\\Desktop\\PosBackend\\node_modules\\mongoose\\lib\\connection.js:742:29)\n' +
    '    at Mongoose.connect (C:\\Users\\HP\\Desktop\\PosBackend\\node_modules\\mongoose\\lib\\index.js:406:15)\n' +
    '    at C:\\Users\\HP\\Desktop\\PosBackend\\src\\server.ts:14:20\n' +
    '    at Generator.next (<anonymous>)\n' +
    '    at C:\\Users\\HP\\Desktop\\PosBackend\\src\\server.ts:8:71\n' +
    '    at new Promise (<anonymous>)\n' +
    '    at __awaiter (C:\\Users\\HP\\Desktop\\PosBackend\\src\\server.ts:4:12)\n' +
    '    at boostrap (C:\\Users\\HP\\Desktop\\PosBackend\\src\\server.ts:25:12)\n' +
    '    at Object.<anonymous> (C:\\Users\\HP\\Desktop\\PosBackend\\src\\server.ts:38:1)',
  label: 'Ph',
  timestamp: '2023-07-23T15:20:44.805Z'
}
{
  service: 'user-service',
  level: 'error',
  message: 'Failed to connect database The `uri` parameter to `openUri()` must be a string, got "undefined". Make sure the first parameter to `mongoose.connect()` or `mongoose.createConnection()` is a string.',
  stack: 'MongooseError: The `uri` parameter to `openUri()` must be a string, got "undefined". Make sure the first parameter to `mongoose.connect()` or `mongoose.createConnection()` is a string.\n' +
    '    at _createMongoClient (C:\\Users\\HP\\Desktop\\PosBackend\\node_modules\\mongoose\\lib\\connection.js:805:11)\n' +
    '    at NativeConnection.openUri (C:\\Users\\HP\\Desktop\\PosBackend\\node_modules\\mongoose\\lib\\connection.js:742:29)\n' +
    '    at Mongoose.connect (C:\\Users\\HP\\Desktop\\PosBackend\\node_modules\\mongoose\\lib\\index.js:406:15)\n' +
    '    at C:\\Users\\HP\\Desktop\\PosBackend\\src\\server.ts:14:20\n' +
    '    at Generator.next (<anonymous>)\n' +
    '    at C:\\Users\\HP\\Desktop\\PosBackend\\src\\server.ts:8:71\n' +
    '    at new Promise (<anonymous>)\n' +
    '    at __awaiter (C:\\Users\\HP\\Desktop\\PosBackend\\src\\server.ts:4:12)\n' +
    '    at boostrap (C:\\Users\\HP\\Desktop\\PosBackend\\src\\server.ts:25:12)\n' +
    '    at Object.<anonymous> (C:\\Users\\HP\\Desktop\\PosBackend\\src\\server.ts:38:1)',
  label: 'Ph',
  timestamp: '2023-07-23T15:21:09.076Z'
}
{
  service: 'user-service',
  level: 'error',
  message: 'Failed to connect database The `uri` parameter to `openUri()` must be a string, got "undefined". Make sure the first parameter to `mongoose.connect()` or `mongoose.createConnection()` is a string.',
  stack: 'MongooseError: The `uri` parameter to `openUri()` must be a string, got "undefined". Make sure the first parameter to `mongoose.connect()` or `mongoose.createConnection()` is a string.\n' +
    '    at _createMongoClient (C:\\Users\\HP\\Desktop\\PosBackend\\node_modules\\mongoose\\lib\\connection.js:805:11)\n' +
    '    at NativeConnection.openUri (C:\\Users\\HP\\Desktop\\PosBackend\\node_modules\\mongoose\\lib\\connection.js:742:29)\n' +
    '    at Mongoose.connect (C:\\Users\\HP\\Desktop\\PosBackend\\node_modules\\mongoose\\lib\\index.js:406:15)\n' +
    '    at C:\\Users\\HP\\Desktop\\PosBackend\\src\\server.ts:14:20\n' +
    '    at Generator.next (<anonymous>)\n' +
    '    at C:\\Users\\HP\\Desktop\\PosBackend\\src\\server.ts:8:71\n' +
    '    at new Promise (<anonymous>)\n' +
    '    at __awaiter (C:\\Users\\HP\\Desktop\\PosBackend\\src\\server.ts:4:12)\n' +
    '    at boostrap (C:\\Users\\HP\\Desktop\\PosBackend\\src\\server.ts:25:12)\n' +
    '    at Object.<anonymous> (C:\\Users\\HP\\Desktop\\PosBackend\\src\\server.ts:38:1)',
  label: 'Ph',
  timestamp: '2023-07-23T15:21:25.378Z'
}
{
  service: 'user-service',
  level: 'error',
  message: 'Failed to connect database The `uri` parameter to `openUri()` must be a string, got "undefined". Make sure the first parameter to `mongoose.connect()` or `mongoose.createConnection()` is a string.',
  stack: 'MongooseError: The `uri` parameter to `openUri()` must be a string, got "undefined". Make sure the first parameter to `mongoose.connect()` or `mongoose.createConnection()` is a string.\n' +
    '    at _createMongoClient (C:\\Users\\HP\\Desktop\\PosBackend\\node_modules\\mongoose\\lib\\connection.js:805:11)\n' +
    '    at NativeConnection.openUri (C:\\Users\\HP\\Desktop\\PosBackend\\node_modules\\mongoose\\lib\\connection.js:742:29)\n' +
    '    at Mongoose.connect (C:\\Users\\HP\\Desktop\\PosBackend\\node_modules\\mongoose\\lib\\index.js:406:15)\n' +
    '    at C:\\Users\\HP\\Desktop\\PosBackend\\src\\server.ts:14:20\n' +
    '    at Generator.next (<anonymous>)\n' +
    '    at C:\\Users\\HP\\Desktop\\PosBackend\\src\\server.ts:8:71\n' +
    '    at new Promise (<anonymous>)\n' +
    '    at __awaiter (C:\\Users\\HP\\Desktop\\PosBackend\\src\\server.ts:4:12)\n' +
    '    at boostrap (C:\\Users\\HP\\Desktop\\PosBackend\\src\\server.ts:25:12)\n' +
    '    at Object.<anonymous> (C:\\Users\\HP\\Desktop\\PosBackend\\src\\server.ts:38:1)',
  label: 'Ph',
  timestamp: '2023-07-23T15:21:55.995Z'
}
